2019-01-08 08:59:42 上午 [Thread: localhost-startStop-1][ Class:org.springframework.web.context.ContextLoader >> Method: org.springframework.web.context.ContextLoader.initWebApplicationContext(ContextLoader.java:285) ]
INFO:Root WebApplicationContext: initialization started
2019-01-08 08:59:42 上午 [Thread: localhost-startStop-1][ Class:org.springframework.web.context.support.XmlWebApplicationContext >> Method: org.springframework.context.support.AbstractApplicationContext.prepareRefresh(AbstractApplicationContext.java:513) ]
INFO:Refreshing Root WebApplicationContext: startup date [Tue Jan 08 08:59:42 CST 2019]; root of context hierarchy
2019-01-08 08:59:42 上午 [Thread: localhost-startStop-1][ Class:org.springframework.beans.factory.xml.XmlBeanDefinitionReader >> Method: org.springframework.beans.factory.xml.XmlBeanDefinitionReader.loadBeanDefinitions(XmlBeanDefinitionReader.java:316) ]
INFO:Loading XML bean definitions from class path resource [spring.xml]
2019-01-08 08:59:43 上午 [Thread: localhost-startStop-1][ Class:org.springframework.beans.factory.xml.XmlBeanDefinitionReader >> Method: org.springframework.beans.factory.xml.XmlBeanDefinitionReader.loadBeanDefinitions(XmlBeanDefinitionReader.java:316) ]
INFO:Loading XML bean definitions from class path resource [mybatis-spring.xml]
2019-01-08 08:59:43 上午 [Thread: localhost-startStop-1][ Class:org.springframework.beans.factory.annotation.AutowiredAnnotationBeanPostProcessor >> Method: org.springframework.beans.factory.annotation.AutowiredAnnotationBeanPostProcessor.<init>(AutowiredAnnotationBeanPostProcessor.java:141) ]
INFO:JSR-330 'javax.inject.Inject' annotation found and supported for autowiring
2019-01-08 08:59:45 上午 [Thread: localhost-startStop-1][ Class:org.springframework.web.context.ContextLoader >> Method: org.springframework.web.context.ContextLoader.initWebApplicationContext(ContextLoader.java:325) ]
INFO:Root WebApplicationContext: initialization completed in 2936 ms
2019-01-08 08:59:45 上午 [Thread: localhost-startStop-1][ Class:org.springframework.web.servlet.DispatcherServlet >> Method: org.springframework.web.servlet.FrameworkServlet.initServletBean(FrameworkServlet.java:479) ]
INFO:FrameworkServlet 'springDispatcherServlet': initialization started
2019-01-08 08:59:45 上午 [Thread: localhost-startStop-1][ Class:org.springframework.web.context.support.XmlWebApplicationContext >> Method: org.springframework.context.support.AbstractApplicationContext.prepareRefresh(AbstractApplicationContext.java:513) ]
INFO:Refreshing WebApplicationContext for namespace 'springDispatcherServlet-servlet': startup date [Tue Jan 08 08:59:45 CST 2019]; parent: Root WebApplicationContext
2019-01-08 08:59:45 上午 [Thread: localhost-startStop-1][ Class:org.springframework.beans.factory.xml.XmlBeanDefinitionReader >> Method: org.springframework.beans.factory.xml.XmlBeanDefinitionReader.loadBeanDefinitions(XmlBeanDefinitionReader.java:316) ]
INFO:Loading XML bean definitions from class path resource [spring-mvc.xml]
2019-01-08 08:59:45 上午 [Thread: localhost-startStop-1][ Class:org.springframework.beans.factory.annotation.AutowiredAnnotationBeanPostProcessor >> Method: org.springframework.beans.factory.annotation.AutowiredAnnotationBeanPostProcessor.<init>(AutowiredAnnotationBeanPostProcessor.java:141) ]
INFO:JSR-330 'javax.inject.Inject' annotation found and supported for autowiring
2019-01-08 08:59:45 上午 [Thread: localhost-startStop-1][ Class:org.springframework.web.servlet.mvc.annotation.DefaultAnnotationHandlerMapping >> Method: org.springframework.web.servlet.handler.AbstractUrlHandlerMapping.registerHandler(AbstractUrlHandlerMapping.java:315) ]
INFO:Mapped URL path [/AdminController/showAdmin] onto handler 'adminController'
2019-01-08 08:59:45 上午 [Thread: localhost-startStop-1][ Class:org.springframework.web.servlet.mvc.annotation.DefaultAnnotationHandlerMapping >> Method: org.springframework.web.servlet.handler.AbstractUrlHandlerMapping.registerHandler(AbstractUrlHandlerMapping.java:315) ]
INFO:Mapped URL path [/AdminController/showAdmin.*] onto handler 'adminController'
2019-01-08 08:59:45 上午 [Thread: localhost-startStop-1][ Class:org.springframework.web.servlet.mvc.annotation.DefaultAnnotationHandlerMapping >> Method: org.springframework.web.servlet.handler.AbstractUrlHandlerMapping.registerHandler(AbstractUrlHandlerMapping.java:315) ]
INFO:Mapped URL path [/AdminController/showAdmin/] onto handler 'adminController'
2019-01-08 08:59:45 上午 [Thread: localhost-startStop-1][ Class:org.springframework.web.servlet.DispatcherServlet >> Method: org.springframework.web.servlet.FrameworkServlet.initServletBean(FrameworkServlet.java:498) ]
INFO:FrameworkServlet 'springDispatcherServlet': initialization completed in 634 ms
2019-01-08 09:00:47 上午 [Thread: http-bio-8080-exec-1][ Class:org.springframework.web.servlet.PageNotFound >> Method: org.springframework.web.servlet.DispatcherServlet.noHandlerFound(DispatcherServlet.java:1118) ]
WARN:No mapping found for HTTP request with URI [/] in DispatcherServlet with name 'springDispatcherServlet'
2019-01-08 09:00:48 上午 [Thread: http-bio-8080-exec-3][ Class:org.springframework.web.servlet.PageNotFound >> Method: org.springframework.web.servlet.DispatcherServlet.noHandlerFound(DispatcherServlet.java:1118) ]
WARN:No mapping found for HTTP request with URI [/favicon.ico] in DispatcherServlet with name 'springDispatcherServlet'
2019-01-08 09:01:18 上午 [Thread: http-bio-8080-exec-4][ Class:org.springframework.web.servlet.PageNotFound >> Method: org.springframework.web.servlet.DispatcherServlet.noHandlerFound(DispatcherServlet.java:1118) ]
WARN:No mapping found for HTTP request with URI [/index.html] in DispatcherServlet with name 'springDispatcherServlet'
2019-01-08 09:01:55 上午 [Thread: http-bio-8080-exec-6][ Class:org.springframework.web.servlet.PageNotFound >> Method: org.springframework.web.servlet.DispatcherServlet.noHandlerFound(DispatcherServlet.java:1118) ]
WARN:No mapping found for HTTP request with URI [/webapp/index.html] in DispatcherServlet with name 'springDispatcherServlet'
2019-01-08 09:05:13 上午 [Thread: http-bio-8080-exec-9][ Class:org.springframework.web.servlet.PageNotFound >> Method: org.springframework.web.servlet.DispatcherServlet.noHandlerFound(DispatcherServlet.java:1118) ]
WARN:No mapping found for HTTP request with URI [/index.html] in DispatcherServlet with name 'springDispatcherServlet'
2019-01-08 09:05:39 上午 [Thread: localhost-startStop-1][ Class:org.springframework.web.context.ContextLoader >> Method: org.springframework.web.context.ContextLoader.initWebApplicationContext(ContextLoader.java:285) ]
INFO:Root WebApplicationContext: initialization started
2019-01-08 09:05:39 上午 [Thread: localhost-startStop-1][ Class:org.springframework.web.context.support.XmlWebApplicationContext >> Method: org.springframework.context.support.AbstractApplicationContext.prepareRefresh(AbstractApplicationContext.java:513) ]
INFO:Refreshing Root WebApplicationContext: startup date [Tue Jan 08 09:05:39 CST 2019]; root of context hierarchy
2019-01-08 09:05:39 上午 [Thread: localhost-startStop-1][ Class:org.springframework.beans.factory.xml.XmlBeanDefinitionReader >> Method: org.springframework.beans.factory.xml.XmlBeanDefinitionReader.loadBeanDefinitions(XmlBeanDefinitionReader.java:316) ]
INFO:Loading XML bean definitions from class path resource [spring.xml]
2019-01-08 09:05:40 上午 [Thread: localhost-startStop-1][ Class:org.springframework.beans.factory.xml.XmlBeanDefinitionReader >> Method: org.springframework.beans.factory.xml.XmlBeanDefinitionReader.loadBeanDefinitions(XmlBeanDefinitionReader.java:316) ]
INFO:Loading XML bean definitions from class path resource [mybatis-spring.xml]
2019-01-08 09:05:40 上午 [Thread: localhost-startStop-1][ Class:org.springframework.beans.factory.annotation.AutowiredAnnotationBeanPostProcessor >> Method: org.springframework.beans.factory.annotation.AutowiredAnnotationBeanPostProcessor.<init>(AutowiredAnnotationBeanPostProcessor.java:141) ]
INFO:JSR-330 'javax.inject.Inject' annotation found and supported for autowiring
2019-01-08 09:05:41 上午 [Thread: localhost-startStop-1][ Class:org.springframework.web.context.ContextLoader >> Method: org.springframework.web.context.ContextLoader.initWebApplicationContext(ContextLoader.java:325) ]
INFO:Root WebApplicationContext: initialization completed in 1732 ms
2019-01-08 09:05:41 上午 [Thread: localhost-startStop-1][ Class:org.springframework.web.servlet.DispatcherServlet >> Method: org.springframework.web.servlet.FrameworkServlet.initServletBean(FrameworkServlet.java:479) ]
INFO:FrameworkServlet 'springDispatcherServlet': initialization started
2019-01-08 09:05:41 上午 [Thread: localhost-startStop-1][ Class:org.springframework.web.context.support.XmlWebApplicationContext >> Method: org.springframework.context.support.AbstractApplicationContext.prepareRefresh(AbstractApplicationContext.java:513) ]
INFO:Refreshing WebApplicationContext for namespace 'springDispatcherServlet-servlet': startup date [Tue Jan 08 09:05:41 CST 2019]; parent: Root WebApplicationContext
2019-01-08 09:05:41 上午 [Thread: localhost-startStop-1][ Class:org.springframework.beans.factory.xml.XmlBeanDefinitionReader >> Method: org.springframework.beans.factory.xml.XmlBeanDefinitionReader.loadBeanDefinitions(XmlBeanDefinitionReader.java:316) ]
INFO:Loading XML bean definitions from class path resource [spring-mvc.xml]
2019-01-08 09:05:41 上午 [Thread: localhost-startStop-1][ Class:org.springframework.beans.factory.annotation.AutowiredAnnotationBeanPostProcessor >> Method: org.springframework.beans.factory.annotation.AutowiredAnnotationBeanPostProcessor.<init>(AutowiredAnnotationBeanPostProcessor.java:141) ]
INFO:JSR-330 'javax.inject.Inject' annotation found and supported for autowiring
2019-01-08 09:05:41 上午 [Thread: localhost-startStop-1][ Class:org.springframework.web.servlet.mvc.annotation.DefaultAnnotationHandlerMapping >> Method: org.springframework.web.servlet.handler.AbstractUrlHandlerMapping.registerHandler(AbstractUrlHandlerMapping.java:315) ]
INFO:Mapped URL path [/AdminController/showAdmin] onto handler 'adminController'
2019-01-08 09:05:41 上午 [Thread: localhost-startStop-1][ Class:org.springframework.web.servlet.mvc.annotation.DefaultAnnotationHandlerMapping >> Method: org.springframework.web.servlet.handler.AbstractUrlHandlerMapping.registerHandler(AbstractUrlHandlerMapping.java:315) ]
INFO:Mapped URL path [/AdminController/showAdmin.*] onto handler 'adminController'
2019-01-08 09:05:41 上午 [Thread: localhost-startStop-1][ Class:org.springframework.web.servlet.mvc.annotation.DefaultAnnotationHandlerMapping >> Method: org.springframework.web.servlet.handler.AbstractUrlHandlerMapping.registerHandler(AbstractUrlHandlerMapping.java:315) ]
INFO:Mapped URL path [/AdminController/showAdmin/] onto handler 'adminController'
2019-01-08 09:05:42 上午 [Thread: localhost-startStop-1][ Class:org.springframework.web.servlet.DispatcherServlet >> Method: org.springframework.web.servlet.FrameworkServlet.initServletBean(FrameworkServlet.java:498) ]
INFO:FrameworkServlet 'springDispatcherServlet': initialization completed in 508 ms
2019-01-08 09:05:47 上午 [Thread: http-bio-8080-exec-1][ Class:org.springframework.web.servlet.PageNotFound >> Method: org.springframework.web.servlet.DispatcherServlet.noHandlerFound(DispatcherServlet.java:1118) ]
WARN:No mapping found for HTTP request with URI [/index.html] in DispatcherServlet with name 'springDispatcherServlet'
2019-01-08 09:05:48 上午 [Thread: http-bio-8080-exec-3][ Class:org.springframework.web.servlet.PageNotFound >> Method: org.springframework.web.servlet.DispatcherServlet.noHandlerFound(DispatcherServlet.java:1118) ]
WARN:No mapping found for HTTP request with URI [/index.html] in DispatcherServlet with name 'springDispatcherServlet'
2019-01-08 09:05:49 上午 [Thread: http-bio-8080-exec-4][ Class:org.springframework.web.servlet.PageNotFound >> Method: org.springframework.web.servlet.DispatcherServlet.noHandlerFound(DispatcherServlet.java:1118) ]
WARN:No mapping found for HTTP request with URI [/index.html] in DispatcherServlet with name 'springDispatcherServlet'
2019-01-08 09:05:49 上午 [Thread: http-bio-8080-exec-5][ Class:org.springframework.web.servlet.PageNotFound >> Method: org.springframework.web.servlet.DispatcherServlet.noHandlerFound(DispatcherServlet.java:1118) ]
WARN:No mapping found for HTTP request with URI [/index.html] in DispatcherServlet with name 'springDispatcherServlet'
2019-01-08 09:05:49 上午 [Thread: http-bio-8080-exec-6][ Class:org.springframework.web.servlet.PageNotFound >> Method: org.springframework.web.servlet.DispatcherServlet.noHandlerFound(DispatcherServlet.java:1118) ]
WARN:No mapping found for HTTP request with URI [/index.html] in DispatcherServlet with name 'springDispatcherServlet'
2019-01-08 09:05:49 上午 [Thread: http-bio-8080-exec-7][ Class:org.springframework.web.servlet.PageNotFound >> Method: org.springframework.web.servlet.DispatcherServlet.noHandlerFound(DispatcherServlet.java:1118) ]
WARN:No mapping found for HTTP request with URI [/index.html] in DispatcherServlet with name 'springDispatcherServlet'
2019-01-08 09:05:50 上午 [Thread: http-bio-8080-exec-8][ Class:org.springframework.web.servlet.PageNotFound >> Method: org.springframework.web.servlet.DispatcherServlet.noHandlerFound(DispatcherServlet.java:1118) ]
WARN:No mapping found for HTTP request with URI [/] in DispatcherServlet with name 'springDispatcherServlet'
2019-01-08 09:05:55 上午 [Thread: http-bio-8080-exec-9][ Class:org.springframework.web.servlet.PageNotFound >> Method: org.springframework.web.servlet.DispatcherServlet.noHandlerFound(DispatcherServlet.java:1118) ]
WARN:No mapping found for HTTP request with URI [/index.html] in DispatcherServlet with name 'springDispatcherServlet'
2019-01-08 09:10:34 上午 [Thread: localhost-startStop-1][ Class:org.springframework.web.context.ContextLoader >> Method: org.springframework.web.context.ContextLoader.initWebApplicationContext(ContextLoader.java:285) ]
INFO:Root WebApplicationContext: initialization started
2019-01-08 09:10:34 上午 [Thread: localhost-startStop-1][ Class:org.springframework.web.context.support.XmlWebApplicationContext >> Method: org.springframework.context.support.AbstractApplicationContext.prepareRefresh(AbstractApplicationContext.java:513) ]
INFO:Refreshing Root WebApplicationContext: startup date [Tue Jan 08 09:10:34 CST 2019]; root of context hierarchy
2019-01-08 09:10:34 上午 [Thread: localhost-startStop-1][ Class:org.springframework.beans.factory.xml.XmlBeanDefinitionReader >> Method: org.springframework.beans.factory.xml.XmlBeanDefinitionReader.loadBeanDefinitions(XmlBeanDefinitionReader.java:316) ]
INFO:Loading XML bean definitions from class path resource [spring.xml]
2019-01-08 09:10:35 上午 [Thread: localhost-startStop-1][ Class:org.springframework.beans.factory.xml.XmlBeanDefinitionReader >> Method: org.springframework.beans.factory.xml.XmlBeanDefinitionReader.loadBeanDefinitions(XmlBeanDefinitionReader.java:316) ]
INFO:Loading XML bean definitions from class path resource [mybatis-spring.xml]
2019-01-08 09:10:35 上午 [Thread: localhost-startStop-1][ Class:org.springframework.beans.factory.annotation.AutowiredAnnotationBeanPostProcessor >> Method: org.springframework.beans.factory.annotation.AutowiredAnnotationBeanPostProcessor.<init>(AutowiredAnnotationBeanPostProcessor.java:141) ]
INFO:JSR-330 'javax.inject.Inject' annotation found and supported for autowiring
2019-01-08 09:10:36 上午 [Thread: localhost-startStop-1][ Class:org.springframework.web.context.ContextLoader >> Method: org.springframework.web.context.ContextLoader.initWebApplicationContext(ContextLoader.java:325) ]
INFO:Root WebApplicationContext: initialization completed in 2156 ms
2019-01-08 09:10:36 上午 [Thread: localhost-startStop-1][ Class:org.springframework.web.servlet.DispatcherServlet >> Method: org.springframework.web.servlet.FrameworkServlet.initServletBean(FrameworkServlet.java:479) ]
INFO:FrameworkServlet 'springDispatcherServlet': initialization started
2019-01-08 09:10:36 上午 [Thread: localhost-startStop-1][ Class:org.springframework.web.context.support.XmlWebApplicationContext >> Method: org.springframework.context.support.AbstractApplicationContext.prepareRefresh(AbstractApplicationContext.java:513) ]
INFO:Refreshing WebApplicationContext for namespace 'springDispatcherServlet-servlet': startup date [Tue Jan 08 09:10:36 CST 2019]; parent: Root WebApplicationContext
2019-01-08 09:10:36 上午 [Thread: localhost-startStop-1][ Class:org.springframework.beans.factory.xml.XmlBeanDefinitionReader >> Method: org.springframework.beans.factory.xml.XmlBeanDefinitionReader.loadBeanDefinitions(XmlBeanDefinitionReader.java:316) ]
INFO:Loading XML bean definitions from class path resource [spring-mvc.xml]
2019-01-08 09:10:36 上午 [Thread: localhost-startStop-1][ Class:org.springframework.beans.factory.annotation.AutowiredAnnotationBeanPostProcessor >> Method: org.springframework.beans.factory.annotation.AutowiredAnnotationBeanPostProcessor.<init>(AutowiredAnnotationBeanPostProcessor.java:141) ]
INFO:JSR-330 'javax.inject.Inject' annotation found and supported for autowiring
2019-01-08 09:10:37 上午 [Thread: localhost-startStop-1][ Class:org.springframework.web.servlet.mvc.annotation.DefaultAnnotationHandlerMapping >> Method: org.springframework.web.servlet.handler.AbstractUrlHandlerMapping.registerHandler(AbstractUrlHandlerMapping.java:315) ]
INFO:Mapped URL path [/AdminController/showAdmin] onto handler 'adminController'
2019-01-08 09:10:37 上午 [Thread: localhost-startStop-1][ Class:org.springframework.web.servlet.mvc.annotation.DefaultAnnotationHandlerMapping >> Method: org.springframework.web.servlet.handler.AbstractUrlHandlerMapping.registerHandler(AbstractUrlHandlerMapping.java:315) ]
INFO:Mapped URL path [/AdminController/showAdmin.*] onto handler 'adminController'
2019-01-08 09:10:37 上午 [Thread: localhost-startStop-1][ Class:org.springframework.web.servlet.mvc.annotation.DefaultAnnotationHandlerMapping >> Method: org.springframework.web.servlet.handler.AbstractUrlHandlerMapping.registerHandler(AbstractUrlHandlerMapping.java:315) ]
INFO:Mapped URL path [/AdminController/showAdmin/] onto handler 'adminController'
2019-01-08 09:10:37 上午 [Thread: localhost-startStop-1][ Class:org.springframework.web.servlet.DispatcherServlet >> Method: org.springframework.web.servlet.FrameworkServlet.initServletBean(FrameworkServlet.java:498) ]
INFO:FrameworkServlet 'springDispatcherServlet': initialization completed in 533 ms
2019-01-08 09:10:42 上午 [Thread: http-bio-8080-exec-1][ Class:org.springframework.web.servlet.PageNotFound >> Method: org.springframework.web.servlet.DispatcherServlet.noHandlerFound(DispatcherServlet.java:1118) ]
WARN:No mapping found for HTTP request with URI [/] in DispatcherServlet with name 'springDispatcherServlet'
2019-01-08 09:20:27 上午 [Thread: localhost-startStop-1][ Class:org.springframework.web.context.ContextLoader >> Method: org.springframework.web.context.ContextLoader.initWebApplicationContext(ContextLoader.java:285) ]
INFO:Root WebApplicationContext: initialization started
2019-01-08 09:20:27 上午 [Thread: localhost-startStop-1][ Class:org.springframework.web.context.support.XmlWebApplicationContext >> Method: org.springframework.context.support.AbstractApplicationContext.prepareRefresh(AbstractApplicationContext.java:513) ]
INFO:Refreshing Root WebApplicationContext: startup date [Tue Jan 08 09:20:27 CST 2019]; root of context hierarchy
2019-01-08 09:20:27 上午 [Thread: localhost-startStop-1][ Class:org.springframework.beans.factory.xml.XmlBeanDefinitionReader >> Method: org.springframework.beans.factory.xml.XmlBeanDefinitionReader.loadBeanDefinitions(XmlBeanDefinitionReader.java:316) ]
INFO:Loading XML bean definitions from class path resource [spring.xml]
2019-01-08 09:20:28 上午 [Thread: localhost-startStop-1][ Class:org.springframework.beans.factory.xml.XmlBeanDefinitionReader >> Method: org.springframework.beans.factory.xml.XmlBeanDefinitionReader.loadBeanDefinitions(XmlBeanDefinitionReader.java:316) ]
INFO:Loading XML bean definitions from class path resource [mybatis-spring.xml]
2019-01-08 09:20:28 上午 [Thread: localhost-startStop-1][ Class:org.springframework.beans.factory.annotation.AutowiredAnnotationBeanPostProcessor >> Method: org.springframework.beans.factory.annotation.AutowiredAnnotationBeanPostProcessor.<init>(AutowiredAnnotationBeanPostProcessor.java:141) ]
INFO:JSR-330 'javax.inject.Inject' annotation found and supported for autowiring
2019-01-08 09:20:29 上午 [Thread: localhost-startStop-1][ Class:org.springframework.web.context.ContextLoader >> Method: org.springframework.web.context.ContextLoader.initWebApplicationContext(ContextLoader.java:325) ]
INFO:Root WebApplicationContext: initialization completed in 2073 ms
2019-01-08 09:20:29 上午 [Thread: localhost-startStop-1][ Class:org.springframework.web.servlet.DispatcherServlet >> Method: org.springframework.web.servlet.FrameworkServlet.initServletBean(FrameworkServlet.java:479) ]
INFO:FrameworkServlet 'springDispatcherServlet': initialization started
2019-01-08 09:20:29 上午 [Thread: localhost-startStop-1][ Class:org.springframework.web.context.support.XmlWebApplicationContext >> Method: org.springframework.context.support.AbstractApplicationContext.prepareRefresh(AbstractApplicationContext.java:513) ]
INFO:Refreshing WebApplicationContext for namespace 'springDispatcherServlet-servlet': startup date [Tue Jan 08 09:20:29 CST 2019]; parent: Root WebApplicationContext
2019-01-08 09:20:29 上午 [Thread: localhost-startStop-1][ Class:org.springframework.beans.factory.xml.XmlBeanDefinitionReader >> Method: org.springframework.beans.factory.xml.XmlBeanDefinitionReader.loadBeanDefinitions(XmlBeanDefinitionReader.java:316) ]
INFO:Loading XML bean definitions from class path resource [spring-mvc.xml]
2019-01-08 09:20:29 上午 [Thread: localhost-startStop-1][ Class:org.springframework.beans.factory.annotation.AutowiredAnnotationBeanPostProcessor >> Method: org.springframework.beans.factory.annotation.AutowiredAnnotationBeanPostProcessor.<init>(AutowiredAnnotationBeanPostProcessor.java:141) ]
INFO:JSR-330 'javax.inject.Inject' annotation found and supported for autowiring
2019-01-08 09:20:30 上午 [Thread: localhost-startStop-1][ Class:org.springframework.web.servlet.mvc.annotation.DefaultAnnotationHandlerMapping >> Method: org.springframework.web.servlet.handler.AbstractUrlHandlerMapping.registerHandler(AbstractUrlHandlerMapping.java:315) ]
INFO:Mapped URL path [/AdminController/showAdmin] onto handler 'adminController'
2019-01-08 09:20:30 上午 [Thread: localhost-startStop-1][ Class:org.springframework.web.servlet.mvc.annotation.DefaultAnnotationHandlerMapping >> Method: org.springframework.web.servlet.handler.AbstractUrlHandlerMapping.registerHandler(AbstractUrlHandlerMapping.java:315) ]
INFO:Mapped URL path [/AdminController/showAdmin.*] onto handler 'adminController'
2019-01-08 09:20:30 上午 [Thread: localhost-startStop-1][ Class:org.springframework.web.servlet.mvc.annotation.DefaultAnnotationHandlerMapping >> Method: org.springframework.web.servlet.handler.AbstractUrlHandlerMapping.registerHandler(AbstractUrlHandlerMapping.java:315) ]
INFO:Mapped URL path [/AdminController/showAdmin/] onto handler 'adminController'
2019-01-08 09:20:30 上午 [Thread: localhost-startStop-1][ Class:org.springframework.web.servlet.DispatcherServlet >> Method: org.springframework.web.servlet.FrameworkServlet.initServletBean(FrameworkServlet.java:498) ]
INFO:FrameworkServlet 'springDispatcherServlet': initialization completed in 501 ms
2019-01-08 09:20:57 上午 [Thread: localhost-startStop-1][ Class:org.springframework.web.context.ContextLoader >> Method: org.springframework.web.context.ContextLoader.initWebApplicationContext(ContextLoader.java:285) ]
INFO:Root WebApplicationContext: initialization started
2019-01-08 09:20:57 上午 [Thread: localhost-startStop-1][ Class:org.springframework.web.context.support.XmlWebApplicationContext >> Method: org.springframework.context.support.AbstractApplicationContext.prepareRefresh(AbstractApplicationContext.java:513) ]
INFO:Refreshing Root WebApplicationContext: startup date [Tue Jan 08 09:20:57 CST 2019]; root of context hierarchy
2019-01-08 09:20:57 上午 [Thread: localhost-startStop-1][ Class:org.springframework.beans.factory.xml.XmlBeanDefinitionReader >> Method: org.springframework.beans.factory.xml.XmlBeanDefinitionReader.loadBeanDefinitions(XmlBeanDefinitionReader.java:316) ]
INFO:Loading XML bean definitions from class path resource [spring.xml]
2019-01-08 09:20:58 上午 [Thread: localhost-startStop-1][ Class:org.springframework.beans.factory.xml.XmlBeanDefinitionReader >> Method: org.springframework.beans.factory.xml.XmlBeanDefinitionReader.loadBeanDefinitions(XmlBeanDefinitionReader.java:316) ]
INFO:Loading XML bean definitions from class path resource [mybatis-spring.xml]
2019-01-08 09:20:58 上午 [Thread: localhost-startStop-1][ Class:org.springframework.beans.factory.annotation.AutowiredAnnotationBeanPostProcessor >> Method: org.springframework.beans.factory.annotation.AutowiredAnnotationBeanPostProcessor.<init>(AutowiredAnnotationBeanPostProcessor.java:141) ]
INFO:JSR-330 'javax.inject.Inject' annotation found and supported for autowiring
2019-01-08 09:20:59 上午 [Thread: localhost-startStop-1][ Class:org.springframework.web.context.ContextLoader >> Method: org.springframework.web.context.ContextLoader.initWebApplicationContext(ContextLoader.java:325) ]
INFO:Root WebApplicationContext: initialization completed in 1522 ms
2019-01-08 09:20:59 上午 [Thread: localhost-startStop-1][ Class:org.springframework.web.servlet.DispatcherServlet >> Method: org.springframework.web.servlet.FrameworkServlet.initServletBean(FrameworkServlet.java:479) ]
INFO:FrameworkServlet 'springDispatcherServlet': initialization started
2019-01-08 09:20:59 上午 [Thread: localhost-startStop-1][ Class:org.springframework.web.context.support.XmlWebApplicationContext >> Method: org.springframework.context.support.AbstractApplicationContext.prepareRefresh(AbstractApplicationContext.java:513) ]
INFO:Refreshing WebApplicationContext for namespace 'springDispatcherServlet-servlet': startup date [Tue Jan 08 09:20:59 CST 2019]; parent: Root WebApplicationContext
2019-01-08 09:20:59 上午 [Thread: localhost-startStop-1][ Class:org.springframework.beans.factory.xml.XmlBeanDefinitionReader >> Method: org.springframework.beans.factory.xml.XmlBeanDefinitionReader.loadBeanDefinitions(XmlBeanDefinitionReader.java:316) ]
INFO:Loading XML bean definitions from class path resource [spring-mvc.xml]
2019-01-08 09:20:59 上午 [Thread: localhost-startStop-1][ Class:org.springframework.beans.factory.annotation.AutowiredAnnotationBeanPostProcessor >> Method: org.springframework.beans.factory.annotation.AutowiredAnnotationBeanPostProcessor.<init>(AutowiredAnnotationBeanPostProcessor.java:141) ]
INFO:JSR-330 'javax.inject.Inject' annotation found and supported for autowiring
2019-01-08 09:20:59 上午 [Thread: localhost-startStop-1][ Class:org.springframework.web.servlet.mvc.annotation.DefaultAnnotationHandlerMapping >> Method: org.springframework.web.servlet.handler.AbstractUrlHandlerMapping.registerHandler(AbstractUrlHandlerMapping.java:315) ]
INFO:Mapped URL path [/AdminController/showAdmin] onto handler 'adminController'
2019-01-08 09:20:59 上午 [Thread: localhost-startStop-1][ Class:org.springframework.web.servlet.mvc.annotation.DefaultAnnotationHandlerMapping >> Method: org.springframework.web.servlet.handler.AbstractUrlHandlerMapping.registerHandler(AbstractUrlHandlerMapping.java:315) ]
INFO:Mapped URL path [/AdminController/showAdmin.*] onto handler 'adminController'
2019-01-08 09:20:59 上午 [Thread: localhost-startStop-1][ Class:org.springframework.web.servlet.mvc.annotation.DefaultAnnotationHandlerMapping >> Method: org.springframework.web.servlet.handler.AbstractUrlHandlerMapping.registerHandler(AbstractUrlHandlerMapping.java:315) ]
INFO:Mapped URL path [/AdminController/showAdmin/] onto handler 'adminController'
2019-01-08 09:20:59 上午 [Thread: localhost-startStop-1][ Class:org.springframework.web.servlet.DispatcherServlet >> Method: org.springframework.web.servlet.FrameworkServlet.initServletBean(FrameworkServlet.java:498) ]
INFO:FrameworkServlet 'springDispatcherServlet': initialization completed in 418 ms
2019-01-08 09:21:01 上午 [Thread: http-bio-8080-exec-1][ Class:org.springframework.web.servlet.PageNotFound >> Method: org.springframework.web.servlet.DispatcherServlet.noHandlerFound(DispatcherServlet.java:1118) ]
WARN:No mapping found for HTTP request with URI [/] in DispatcherServlet with name 'springDispatcherServlet'
2019-01-08 09:21:06 上午 [Thread: http-bio-8080-exec-3][ Class:org.springframework.web.servlet.PageNotFound >> Method: org.springframework.web.servlet.DispatcherServlet.noHandlerFound(DispatcherServlet.java:1118) ]
WARN:No mapping found for HTTP request with URI [/] in DispatcherServlet with name 'springDispatcherServlet'
2019-01-08 09:25:16 上午 [Thread: localhost-startStop-1][ Class:org.springframework.web.context.ContextLoader >> Method: org.springframework.web.context.ContextLoader.initWebApplicationContext(ContextLoader.java:285) ]
INFO:Root WebApplicationContext: initialization started
2019-01-08 09:25:16 上午 [Thread: localhost-startStop-1][ Class:org.springframework.web.context.support.XmlWebApplicationContext >> Method: org.springframework.context.support.AbstractApplicationContext.prepareRefresh(AbstractApplicationContext.java:513) ]
INFO:Refreshing Root WebApplicationContext: startup date [Tue Jan 08 09:25:16 CST 2019]; root of context hierarchy
2019-01-08 09:25:16 上午 [Thread: localhost-startStop-1][ Class:org.springframework.beans.factory.xml.XmlBeanDefinitionReader >> Method: org.springframework.beans.factory.xml.XmlBeanDefinitionReader.loadBeanDefinitions(XmlBeanDefinitionReader.java:316) ]
INFO:Loading XML bean definitions from class path resource [spring.xml]
2019-01-08 09:25:16 上午 [Thread: localhost-startStop-1][ Class:org.springframework.beans.factory.xml.XmlBeanDefinitionReader >> Method: org.springframework.beans.factory.xml.XmlBeanDefinitionReader.loadBeanDefinitions(XmlBeanDefinitionReader.java:316) ]
INFO:Loading XML bean definitions from class path resource [mybatis-spring.xml]
2019-01-08 09:25:17 上午 [Thread: localhost-startStop-1][ Class:org.springframework.beans.factory.annotation.AutowiredAnnotationBeanPostProcessor >> Method: org.springframework.beans.factory.annotation.AutowiredAnnotationBeanPostProcessor.<init>(AutowiredAnnotationBeanPostProcessor.java:141) ]
INFO:JSR-330 'javax.inject.Inject' annotation found and supported for autowiring
2019-01-08 09:25:18 上午 [Thread: localhost-startStop-1][ Class:org.springframework.web.context.ContextLoader >> Method: org.springframework.web.context.ContextLoader.initWebApplicationContext(ContextLoader.java:325) ]
INFO:Root WebApplicationContext: initialization completed in 1735 ms
2019-01-08 09:25:18 上午 [Thread: localhost-startStop-1][ Class:org.springframework.web.servlet.DispatcherServlet >> Method: org.springframework.web.servlet.FrameworkServlet.initServletBean(FrameworkServlet.java:479) ]
INFO:FrameworkServlet 'springDispatcherServlet': initialization started
2019-01-08 09:25:18 上午 [Thread: localhost-startStop-1][ Class:org.springframework.web.context.support.XmlWebApplicationContext >> Method: org.springframework.context.support.AbstractApplicationContext.prepareRefresh(AbstractApplicationContext.java:513) ]
INFO:Refreshing WebApplicationContext for namespace 'springDispatcherServlet-servlet': startup date [Tue Jan 08 09:25:18 CST 2019]; parent: Root WebApplicationContext
2019-01-08 09:25:18 上午 [Thread: localhost-startStop-1][ Class:org.springframework.beans.factory.xml.XmlBeanDefinitionReader >> Method: org.springframework.beans.factory.xml.XmlBeanDefinitionReader.loadBeanDefinitions(XmlBeanDefinitionReader.java:316) ]
INFO:Loading XML bean definitions from class path resource [spring-mvc.xml]
2019-01-08 09:25:18 上午 [Thread: localhost-startStop-1][ Class:org.springframework.beans.factory.annotation.AutowiredAnnotationBeanPostProcessor >> Method: org.springframework.beans.factory.annotation.AutowiredAnnotationBeanPostProcessor.<init>(AutowiredAnnotationBeanPostProcessor.java:141) ]
INFO:JSR-330 'javax.inject.Inject' annotation found and supported for autowiring
2019-01-08 09:25:18 上午 [Thread: localhost-startStop-1][ Class:org.springframework.web.servlet.mvc.annotation.DefaultAnnotationHandlerMapping >> Method: org.springframework.web.servlet.handler.AbstractUrlHandlerMapping.registerHandler(AbstractUrlHandlerMapping.java:315) ]
INFO:Mapped URL path [/AdminController/showAdmin] onto handler 'adminController'
2019-01-08 09:25:18 上午 [Thread: localhost-startStop-1][ Class:org.springframework.web.servlet.mvc.annotation.DefaultAnnotationHandlerMapping >> Method: org.springframework.web.servlet.handler.AbstractUrlHandlerMapping.registerHandler(AbstractUrlHandlerMapping.java:315) ]
INFO:Mapped URL path [/AdminController/showAdmin.*] onto handler 'adminController'
2019-01-08 09:25:18 上午 [Thread: localhost-startStop-1][ Class:org.springframework.web.servlet.mvc.annotation.DefaultAnnotationHandlerMapping >> Method: org.springframework.web.servlet.handler.AbstractUrlHandlerMapping.registerHandler(AbstractUrlHandlerMapping.java:315) ]
INFO:Mapped URL path [/AdminController/showAdmin/] onto handler 'adminController'
2019-01-08 09:25:18 上午 [Thread: localhost-startStop-1][ Class:org.springframework.web.servlet.DispatcherServlet >> Method: org.springframework.web.servlet.FrameworkServlet.initServletBean(FrameworkServlet.java:498) ]
INFO:FrameworkServlet 'springDispatcherServlet': initialization completed in 601 ms
2019-01-08 09:27:26 上午 [Thread: localhost-startStop-1][ Class:org.springframework.web.context.ContextLoader >> Method: org.springframework.web.context.ContextLoader.initWebApplicationContext(ContextLoader.java:285) ]
INFO:Root WebApplicationContext: initialization started
2019-01-08 09:27:27 上午 [Thread: localhost-startStop-1][ Class:org.springframework.web.context.support.XmlWebApplicationContext >> Method: org.springframework.context.support.AbstractApplicationContext.prepareRefresh(AbstractApplicationContext.java:513) ]
INFO:Refreshing Root WebApplicationContext: startup date [Tue Jan 08 09:27:27 CST 2019]; root of context hierarchy
2019-01-08 09:27:27 上午 [Thread: localhost-startStop-1][ Class:org.springframework.beans.factory.xml.XmlBeanDefinitionReader >> Method: org.springframework.beans.factory.xml.XmlBeanDefinitionReader.loadBeanDefinitions(XmlBeanDefinitionReader.java:316) ]
INFO:Loading XML bean definitions from class path resource [spring.xml]
2019-01-08 09:27:27 上午 [Thread: localhost-startStop-1][ Class:org.springframework.beans.factory.xml.XmlBeanDefinitionReader >> Method: org.springframework.beans.factory.xml.XmlBeanDefinitionReader.loadBeanDefinitions(XmlBeanDefinitionReader.java:316) ]
INFO:Loading XML bean definitions from class path resource [mybatis-spring.xml]
2019-01-08 09:27:27 上午 [Thread: localhost-startStop-1][ Class:org.springframework.beans.factory.annotation.AutowiredAnnotationBeanPostProcessor >> Method: org.springframework.beans.factory.annotation.AutowiredAnnotationBeanPostProcessor.<init>(AutowiredAnnotationBeanPostProcessor.java:141) ]
INFO:JSR-330 'javax.inject.Inject' annotation found and supported for autowiring
2019-01-08 09:27:28 上午 [Thread: localhost-startStop-1][ Class:org.springframework.web.context.ContextLoader >> Method: org.springframework.web.context.ContextLoader.initWebApplicationContext(ContextLoader.java:325) ]
INFO:Root WebApplicationContext: initialization completed in 1601 ms
2019-01-08 09:27:28 上午 [Thread: localhost-startStop-1][ Class:org.springframework.web.servlet.DispatcherServlet >> Method: org.springframework.web.servlet.FrameworkServlet.initServletBean(FrameworkServlet.java:479) ]
INFO:FrameworkServlet 'springDispatcherServlet': initialization started
2019-01-08 09:27:28 上午 [Thread: localhost-startStop-1][ Class:org.springframework.web.context.support.XmlWebApplicationContext >> Method: org.springframework.context.support.AbstractApplicationContext.prepareRefresh(AbstractApplicationContext.java:513) ]
INFO:Refreshing WebApplicationContext for namespace 'springDispatcherServlet-servlet': startup date [Tue Jan 08 09:27:28 CST 2019]; parent: Root WebApplicationContext
2019-01-08 09:27:28 上午 [Thread: localhost-startStop-1][ Class:org.springframework.beans.factory.xml.XmlBeanDefinitionReader >> Method: org.springframework.beans.factory.xml.XmlBeanDefinitionReader.loadBeanDefinitions(XmlBeanDefinitionReader.java:316) ]
INFO:Loading XML bean definitions from class path resource [spring-mvc.xml]
2019-01-08 09:27:28 上午 [Thread: localhost-startStop-1][ Class:org.springframework.beans.factory.annotation.AutowiredAnnotationBeanPostProcessor >> Method: org.springframework.beans.factory.annotation.AutowiredAnnotationBeanPostProcessor.<init>(AutowiredAnnotationBeanPostProcessor.java:141) ]
INFO:JSR-330 'javax.inject.Inject' annotation found and supported for autowiring
2019-01-08 09:27:28 上午 [Thread: localhost-startStop-1][ Class:org.springframework.web.servlet.mvc.annotation.DefaultAnnotationHandlerMapping >> Method: org.springframework.web.servlet.handler.AbstractUrlHandlerMapping.registerHandler(AbstractUrlHandlerMapping.java:315) ]
INFO:Mapped URL path [/AdminController/showAdmin] onto handler 'adminController'
2019-01-08 09:27:28 上午 [Thread: localhost-startStop-1][ Class:org.springframework.web.servlet.mvc.annotation.DefaultAnnotationHandlerMapping >> Method: org.springframework.web.servlet.handler.AbstractUrlHandlerMapping.registerHandler(AbstractUrlHandlerMapping.java:315) ]
INFO:Mapped URL path [/AdminController/showAdmin.*] onto handler 'adminController'
2019-01-08 09:27:28 上午 [Thread: localhost-startStop-1][ Class:org.springframework.web.servlet.mvc.annotation.DefaultAnnotationHandlerMapping >> Method: org.springframework.web.servlet.handler.AbstractUrlHandlerMapping.registerHandler(AbstractUrlHandlerMapping.java:315) ]
INFO:Mapped URL path [/AdminController/showAdmin/] onto handler 'adminController'
2019-01-08 09:27:29 上午 [Thread: localhost-startStop-1][ Class:org.springframework.web.servlet.DispatcherServlet >> Method: org.springframework.web.servlet.FrameworkServlet.initServletBean(FrameworkServlet.java:498) ]
INFO:FrameworkServlet 'springDispatcherServlet': initialization completed in 455 ms
2019-01-08 09:29:05 上午 [Thread: localhost-startStop-1][ Class:org.springframework.web.context.ContextLoader >> Method: org.springframework.web.context.ContextLoader.initWebApplicationContext(ContextLoader.java:285) ]
INFO:Root WebApplicationContext: initialization started
2019-01-08 09:29:05 上午 [Thread: localhost-startStop-1][ Class:org.springframework.web.context.support.XmlWebApplicationContext >> Method: org.springframework.context.support.AbstractApplicationContext.prepareRefresh(AbstractApplicationContext.java:513) ]
INFO:Refreshing Root WebApplicationContext: startup date [Tue Jan 08 09:29:05 CST 2019]; root of context hierarchy
2019-01-08 09:29:05 上午 [Thread: localhost-startStop-1][ Class:org.springframework.beans.factory.xml.XmlBeanDefinitionReader >> Method: org.springframework.beans.factory.xml.XmlBeanDefinitionReader.loadBeanDefinitions(XmlBeanDefinitionReader.java:316) ]
INFO:Loading XML bean definitions from class path resource [spring.xml]
2019-01-08 09:29:05 上午 [Thread: localhost-startStop-1][ Class:org.springframework.beans.factory.xml.XmlBeanDefinitionReader >> Method: org.springframework.beans.factory.xml.XmlBeanDefinitionReader.loadBeanDefinitions(XmlBeanDefinitionReader.java:316) ]
INFO:Loading XML bean definitions from class path resource [mybatis-spring.xml]
2019-01-08 09:29:06 上午 [Thread: localhost-startStop-1][ Class:org.springframework.beans.factory.annotation.AutowiredAnnotationBeanPostProcessor >> Method: org.springframework.beans.factory.annotation.AutowiredAnnotationBeanPostProcessor.<init>(AutowiredAnnotationBeanPostProcessor.java:141) ]
INFO:JSR-330 'javax.inject.Inject' annotation found and supported for autowiring
2019-01-08 09:29:07 上午 [Thread: localhost-startStop-1][ Class:org.springframework.web.context.ContextLoader >> Method: org.springframework.web.context.ContextLoader.initWebApplicationContext(ContextLoader.java:325) ]
INFO:Root WebApplicationContext: initialization completed in 1668 ms
2019-01-08 09:29:07 上午 [Thread: localhost-startStop-1][ Class:org.springframework.web.servlet.DispatcherServlet >> Method: org.springframework.web.servlet.FrameworkServlet.initServletBean(FrameworkServlet.java:479) ]
INFO:FrameworkServlet 'springDispatcherServlet': initialization started
2019-01-08 09:29:07 上午 [Thread: localhost-startStop-1][ Class:org.springframework.web.context.support.XmlWebApplicationContext >> Method: org.springframework.context.support.AbstractApplicationContext.prepareRefresh(AbstractApplicationContext.java:513) ]
INFO:Refreshing WebApplicationContext for namespace 'springDispatcherServlet-servlet': startup date [Tue Jan 08 09:29:07 CST 2019]; parent: Root WebApplicationContext
2019-01-08 09:29:07 上午 [Thread: localhost-startStop-1][ Class:org.springframework.beans.factory.xml.XmlBeanDefinitionReader >> Method: org.springframework.beans.factory.xml.XmlBeanDefinitionReader.loadBeanDefinitions(XmlBeanDefinitionReader.java:316) ]
INFO:Loading XML bean definitions from class path resource [spring-mvc.xml]
2019-01-08 09:29:07 上午 [Thread: localhost-startStop-1][ Class:org.springframework.beans.factory.annotation.AutowiredAnnotationBeanPostProcessor >> Method: org.springframework.beans.factory.annotation.AutowiredAnnotationBeanPostProcessor.<init>(AutowiredAnnotationBeanPostProcessor.java:141) ]
INFO:JSR-330 'javax.inject.Inject' annotation found and supported for autowiring
2019-01-08 09:29:07 上午 [Thread: localhost-startStop-1][ Class:org.springframework.web.servlet.mvc.annotation.DefaultAnnotationHandlerMapping >> Method: org.springframework.web.servlet.handler.AbstractUrlHandlerMapping.registerHandler(AbstractUrlHandlerMapping.java:315) ]
INFO:Mapped URL path [/AdminController/showAdmin] onto handler 'adminController'
2019-01-08 09:29:07 上午 [Thread: localhost-startStop-1][ Class:org.springframework.web.servlet.mvc.annotation.DefaultAnnotationHandlerMapping >> Method: org.springframework.web.servlet.handler.AbstractUrlHandlerMapping.registerHandler(AbstractUrlHandlerMapping.java:315) ]
INFO:Mapped URL path [/AdminController/showAdmin.*] onto handler 'adminController'
2019-01-08 09:29:07 上午 [Thread: localhost-startStop-1][ Class:org.springframework.web.servlet.mvc.annotation.DefaultAnnotationHandlerMapping >> Method: org.springframework.web.servlet.handler.AbstractUrlHandlerMapping.registerHandler(AbstractUrlHandlerMapping.java:315) ]
INFO:Mapped URL path [/AdminController/showAdmin/] onto handler 'adminController'
2019-01-08 09:29:07 上午 [Thread: localhost-startStop-1][ Class:org.springframework.web.servlet.DispatcherServlet >> Method: org.springframework.web.servlet.FrameworkServlet.initServletBean(FrameworkServlet.java:498) ]
INFO:FrameworkServlet 'springDispatcherServlet': initialization completed in 432 ms
2019-01-08 09:29:11 上午 [Thread: http-bio-8080-exec-6][ Class:org.springframework.web.servlet.PageNotFound >> Method: org.springframework.web.servlet.DispatcherServlet.noHandlerFound(DispatcherServlet.java:1118) ]
WARN:No mapping found for HTTP request with URI [/fonts/iconfont.woff] in DispatcherServlet with name 'springDispatcherServlet'
2019-01-08 09:29:11 上午 [Thread: http-bio-8080-exec-6][ Class:org.springframework.web.servlet.PageNotFound >> Method: org.springframework.web.servlet.DispatcherServlet.noHandlerFound(DispatcherServlet.java:1118) ]
WARN:No mapping found for HTTP request with URI [/fonts/iconfont.ttf] in DispatcherServlet with name 'springDispatcherServlet'
2019-01-08 09:33:17 上午 [Thread: localhost-startStop-1][ Class:org.springframework.web.context.ContextLoader >> Method: org.springframework.web.context.ContextLoader.initWebApplicationContext(ContextLoader.java:285) ]
INFO:Root WebApplicationContext: initialization started
2019-01-08 09:33:17 上午 [Thread: localhost-startStop-1][ Class:org.springframework.web.context.support.XmlWebApplicationContext >> Method: org.springframework.context.support.AbstractApplicationContext.prepareRefresh(AbstractApplicationContext.java:513) ]
INFO:Refreshing Root WebApplicationContext: startup date [Tue Jan 08 09:33:17 CST 2019]; root of context hierarchy
2019-01-08 09:33:17 上午 [Thread: localhost-startStop-1][ Class:org.springframework.beans.factory.xml.XmlBeanDefinitionReader >> Method: org.springframework.beans.factory.xml.XmlBeanDefinitionReader.loadBeanDefinitions(XmlBeanDefinitionReader.java:316) ]
INFO:Loading XML bean definitions from class path resource [spring.xml]
2019-01-08 09:33:17 上午 [Thread: localhost-startStop-1][ Class:org.springframework.beans.factory.xml.XmlBeanDefinitionReader >> Method: org.springframework.beans.factory.xml.XmlBeanDefinitionReader.loadBeanDefinitions(XmlBeanDefinitionReader.java:316) ]
INFO:Loading XML bean definitions from class path resource [mybatis-spring.xml]
2019-01-08 09:33:17 上午 [Thread: localhost-startStop-1][ Class:org.springframework.beans.factory.annotation.AutowiredAnnotationBeanPostProcessor >> Method: org.springframework.beans.factory.annotation.AutowiredAnnotationBeanPostProcessor.<init>(AutowiredAnnotationBeanPostProcessor.java:141) ]
INFO:JSR-330 'javax.inject.Inject' annotation found and supported for autowiring
2019-01-08 09:33:18 上午 [Thread: localhost-startStop-1][ Class:org.springframework.web.context.ContextLoader >> Method: org.springframework.web.context.ContextLoader.initWebApplicationContext(ContextLoader.java:325) ]
INFO:Root WebApplicationContext: initialization completed in 1839 ms
2019-01-08 09:33:18 上午 [Thread: localhost-startStop-1][ Class:org.springframework.web.servlet.DispatcherServlet >> Method: org.springframework.web.servlet.FrameworkServlet.initServletBean(FrameworkServlet.java:479) ]
INFO:FrameworkServlet 'springDispatcherServlet': initialization started
2019-01-08 09:33:18 上午 [Thread: localhost-startStop-1][ Class:org.springframework.web.context.support.XmlWebApplicationContext >> Method: org.springframework.context.support.AbstractApplicationContext.prepareRefresh(AbstractApplicationContext.java:513) ]
INFO:Refreshing WebApplicationContext for namespace 'springDispatcherServlet-servlet': startup date [Tue Jan 08 09:33:18 CST 2019]; parent: Root WebApplicationContext
2019-01-08 09:33:18 上午 [Thread: localhost-startStop-1][ Class:org.springframework.beans.factory.xml.XmlBeanDefinitionReader >> Method: org.springframework.beans.factory.xml.XmlBeanDefinitionReader.loadBeanDefinitions(XmlBeanDefinitionReader.java:316) ]
INFO:Loading XML bean definitions from class path resource [spring-mvc.xml]
2019-01-08 09:33:19 上午 [Thread: localhost-startStop-1][ Class:org.springframework.beans.factory.annotation.AutowiredAnnotationBeanPostProcessor >> Method: org.springframework.beans.factory.annotation.AutowiredAnnotationBeanPostProcessor.<init>(AutowiredAnnotationBeanPostProcessor.java:141) ]
INFO:JSR-330 'javax.inject.Inject' annotation found and supported for autowiring
2019-01-08 09:33:19 上午 [Thread: localhost-startStop-1][ Class:org.springframework.web.servlet.mvc.annotation.DefaultAnnotationHandlerMapping >> Method: org.springframework.web.servlet.handler.AbstractUrlHandlerMapping.registerHandler(AbstractUrlHandlerMapping.java:315) ]
INFO:Mapped URL path [/AdminController/showAdmin] onto handler 'adminController'
2019-01-08 09:33:19 上午 [Thread: localhost-startStop-1][ Class:org.springframework.web.servlet.mvc.annotation.DefaultAnnotationHandlerMapping >> Method: org.springframework.web.servlet.handler.AbstractUrlHandlerMapping.registerHandler(AbstractUrlHandlerMapping.java:315) ]
INFO:Mapped URL path [/AdminController/showAdmin.*] onto handler 'adminController'
2019-01-08 09:33:19 上午 [Thread: localhost-startStop-1][ Class:org.springframework.web.servlet.mvc.annotation.DefaultAnnotationHandlerMapping >> Method: org.springframework.web.servlet.handler.AbstractUrlHandlerMapping.registerHandler(AbstractUrlHandlerMapping.java:315) ]
INFO:Mapped URL path [/AdminController/showAdmin/] onto handler 'adminController'
2019-01-08 09:33:19 上午 [Thread: localhost-startStop-1][ Class:org.springframework.web.servlet.DispatcherServlet >> Method: org.springframework.web.servlet.FrameworkServlet.initServletBean(FrameworkServlet.java:498) ]
INFO:FrameworkServlet 'springDispatcherServlet': initialization completed in 756 ms
2019-01-08 09:34:33 上午 [Thread: localhost-startStop-1][ Class:org.springframework.web.context.ContextLoader >> Method: org.springframework.web.context.ContextLoader.initWebApplicationContext(ContextLoader.java:285) ]
INFO:Root WebApplicationContext: initialization started
2019-01-08 09:34:33 上午 [Thread: localhost-startStop-1][ Class:org.springframework.web.context.support.XmlWebApplicationContext >> Method: org.springframework.context.support.AbstractApplicationContext.prepareRefresh(AbstractApplicationContext.java:513) ]
INFO:Refreshing Root WebApplicationContext: startup date [Tue Jan 08 09:34:33 CST 2019]; root of context hierarchy
2019-01-08 09:34:34 上午 [Thread: localhost-startStop-1][ Class:org.springframework.beans.factory.xml.XmlBeanDefinitionReader >> Method: org.springframework.beans.factory.xml.XmlBeanDefinitionReader.loadBeanDefinitions(XmlBeanDefinitionReader.java:316) ]
INFO:Loading XML bean definitions from class path resource [spring.xml]
2019-01-08 09:34:34 上午 [Thread: localhost-startStop-1][ Class:org.springframework.beans.factory.xml.XmlBeanDefinitionReader >> Method: org.springframework.beans.factory.xml.XmlBeanDefinitionReader.loadBeanDefinitions(XmlBeanDefinitionReader.java:316) ]
INFO:Loading XML bean definitions from class path resource [mybatis-spring.xml]
2019-01-08 09:34:34 上午 [Thread: localhost-startStop-1][ Class:org.springframework.beans.factory.annotation.AutowiredAnnotationBeanPostProcessor >> Method: org.springframework.beans.factory.annotation.AutowiredAnnotationBeanPostProcessor.<init>(AutowiredAnnotationBeanPostProcessor.java:141) ]
INFO:JSR-330 'javax.inject.Inject' annotation found and supported for autowiring
2019-01-08 09:34:35 上午 [Thread: localhost-startStop-1][ Class:org.springframework.web.context.ContextLoader >> Method: org.springframework.web.context.ContextLoader.initWebApplicationContext(ContextLoader.java:325) ]
INFO:Root WebApplicationContext: initialization completed in 1552 ms
2019-01-08 09:34:35 上午 [Thread: localhost-startStop-1][ Class:org.springframework.web.servlet.DispatcherServlet >> Method: org.springframework.web.servlet.FrameworkServlet.initServletBean(FrameworkServlet.java:479) ]
INFO:FrameworkServlet 'springDispatcherServlet': initialization started
2019-01-08 09:34:35 上午 [Thread: localhost-startStop-1][ Class:org.springframework.web.context.support.XmlWebApplicationContext >> Method: org.springframework.context.support.AbstractApplicationContext.prepareRefresh(AbstractApplicationContext.java:513) ]
INFO:Refreshing WebApplicationContext for namespace 'springDispatcherServlet-servlet': startup date [Tue Jan 08 09:34:35 CST 2019]; parent: Root WebApplicationContext
2019-01-08 09:34:35 上午 [Thread: localhost-startStop-1][ Class:org.springframework.beans.factory.xml.XmlBeanDefinitionReader >> Method: org.springframework.beans.factory.xml.XmlBeanDefinitionReader.loadBeanDefinitions(XmlBeanDefinitionReader.java:316) ]
INFO:Loading XML bean definitions from class path resource [spring-mvc.xml]
2019-01-08 09:34:35 上午 [Thread: localhost-startStop-1][ Class:org.springframework.beans.factory.annotation.AutowiredAnnotationBeanPostProcessor >> Method: org.springframework.beans.factory.annotation.AutowiredAnnotationBeanPostProcessor.<init>(AutowiredAnnotationBeanPostProcessor.java:141) ]
INFO:JSR-330 'javax.inject.Inject' annotation found and supported for autowiring
2019-01-08 09:34:35 上午 [Thread: localhost-startStop-1][ Class:org.springframework.web.servlet.mvc.annotation.DefaultAnnotationHandlerMapping >> Method: org.springframework.web.servlet.handler.AbstractUrlHandlerMapping.registerHandler(AbstractUrlHandlerMapping.java:315) ]
INFO:Mapped URL path [/AdminController/showAdmin] onto handler 'adminController'
2019-01-08 09:34:35 上午 [Thread: localhost-startStop-1][ Class:org.springframework.web.servlet.mvc.annotation.DefaultAnnotationHandlerMapping >> Method: org.springframework.web.servlet.handler.AbstractUrlHandlerMapping.registerHandler(AbstractUrlHandlerMapping.java:315) ]
INFO:Mapped URL path [/AdminController/showAdmin.*] onto handler 'adminController'
2019-01-08 09:34:35 上午 [Thread: localhost-startStop-1][ Class:org.springframework.web.servlet.mvc.annotation.DefaultAnnotationHandlerMapping >> Method: org.springframework.web.servlet.handler.AbstractUrlHandlerMapping.registerHandler(AbstractUrlHandlerMapping.java:315) ]
INFO:Mapped URL path [/AdminController/showAdmin/] onto handler 'adminController'
2019-01-08 09:34:35 上午 [Thread: localhost-startStop-1][ Class:org.springframework.web.servlet.DispatcherServlet >> Method: org.springframework.web.servlet.FrameworkServlet.initServletBean(FrameworkServlet.java:498) ]
INFO:FrameworkServlet 'springDispatcherServlet': initialization completed in 395 ms
