2019-01-18 08:29:57 上午 [Thread: localhost-startStop-1][ Class:org.springframework.web.context.ContextLoader >> Method: org.springframework.web.context.ContextLoader.initWebApplicationContext(ContextLoader.java:285) ]
INFO:Root WebApplicationContext: initialization started
2019-01-18 08:29:57 上午 [Thread: localhost-startStop-1][ Class:org.springframework.web.context.support.XmlWebApplicationContext >> Method: org.springframework.context.support.AbstractApplicationContext.prepareRefresh(AbstractApplicationContext.java:513) ]
INFO:Refreshing Root WebApplicationContext: startup date [Fri Jan 18 08:29:57 CST 2019]; root of context hierarchy
2019-01-18 08:29:57 上午 [Thread: localhost-startStop-1][ Class:org.springframework.web.context.ContextLoader >> Method: org.springframework.web.context.ContextLoader.initWebApplicationContext(ContextLoader.java:285) ]
INFO:Root WebApplicationContext: initialization started
2019-01-18 08:29:57 上午 [Thread: localhost-startStop-1][ Class:org.springframework.web.context.support.XmlWebApplicationContext >> Method: org.springframework.context.support.AbstractApplicationContext.prepareRefresh(AbstractApplicationContext.java:513) ]
INFO:Refreshing Root WebApplicationContext: startup date [Fri Jan 18 08:29:57 CST 2019]; root of context hierarchy
2019-01-18 08:29:57 上午 [Thread: localhost-startStop-1][ Class:org.springframework.beans.factory.xml.XmlBeanDefinitionReader >> Method: org.springframework.beans.factory.xml.XmlBeanDefinitionReader.loadBeanDefinitions(XmlBeanDefinitionReader.java:316) ]
INFO:Loading XML bean definitions from class path resource [spring.xml]
2019-01-18 08:29:57 上午 [Thread: localhost-startStop-1][ Class:org.springframework.beans.factory.xml.XmlBeanDefinitionReader >> Method: org.springframework.beans.factory.xml.XmlBeanDefinitionReader.loadBeanDefinitions(XmlBeanDefinitionReader.java:316) ]
INFO:Loading XML bean definitions from class path resource [spring.xml]
2019-01-18 08:29:58 上午 [Thread: localhost-startStop-1][ Class:org.springframework.beans.factory.xml.XmlBeanDefinitionReader >> Method: org.springframework.beans.factory.xml.XmlBeanDefinitionReader.loadBeanDefinitions(XmlBeanDefinitionReader.java:316) ]
INFO:Loading XML bean definitions from class path resource [mybatis-spring.xml]
2019-01-18 08:29:58 上午 [Thread: localhost-startStop-1][ Class:org.springframework.beans.factory.xml.XmlBeanDefinitionReader >> Method: org.springframework.beans.factory.xml.XmlBeanDefinitionReader.loadBeanDefinitions(XmlBeanDefinitionReader.java:316) ]
INFO:Loading XML bean definitions from class path resource [mybatis-spring.xml]
2019-01-18 08:29:59 上午 [Thread: localhost-startStop-1][ Class:org.springframework.beans.factory.annotation.AutowiredAnnotationBeanPostProcessor >> Method: org.springframework.beans.factory.annotation.AutowiredAnnotationBeanPostProcessor.<init>(AutowiredAnnotationBeanPostProcessor.java:141) ]
INFO:JSR-330 'javax.inject.Inject' annotation found and supported for autowiring
2019-01-18 08:29:59 上午 [Thread: localhost-startStop-1][ Class:org.springframework.beans.factory.annotation.AutowiredAnnotationBeanPostProcessor >> Method: org.springframework.beans.factory.annotation.AutowiredAnnotationBeanPostProcessor.<init>(AutowiredAnnotationBeanPostProcessor.java:141) ]
INFO:JSR-330 'javax.inject.Inject' annotation found and supported for autowiring
2019-01-18 08:30:00 上午 [Thread: localhost-startStop-1][ Class:org.springframework.web.context.ContextLoader >> Method: org.springframework.web.context.ContextLoader.initWebApplicationContext(ContextLoader.java:325) ]
INFO:Root WebApplicationContext: initialization completed in 2959 ms
2019-01-18 08:30:00 上午 [Thread: localhost-startStop-1][ Class:org.springframework.web.context.ContextLoader >> Method: org.springframework.web.context.ContextLoader.initWebApplicationContext(ContextLoader.java:325) ]
INFO:Root WebApplicationContext: initialization completed in 3366 ms
2019-01-18 08:30:00 上午 [Thread: localhost-startStop-1][ Class:org.springframework.web.servlet.DispatcherServlet >> Method: org.springframework.web.servlet.FrameworkServlet.initServletBean(FrameworkServlet.java:479) ]
INFO:FrameworkServlet 'springDispatcherServlet': initialization started
2019-01-18 08:30:00 上午 [Thread: localhost-startStop-1][ Class:org.springframework.web.context.support.XmlWebApplicationContext >> Method: org.springframework.context.support.AbstractApplicationContext.prepareRefresh(AbstractApplicationContext.java:513) ]
INFO:Refreshing WebApplicationContext for namespace 'springDispatcherServlet-servlet': startup date [Fri Jan 18 08:30:00 CST 2019]; parent: Root WebApplicationContext
2019-01-18 08:30:00 上午 [Thread: localhost-startStop-1][ Class:org.springframework.beans.factory.xml.XmlBeanDefinitionReader >> Method: org.springframework.beans.factory.xml.XmlBeanDefinitionReader.loadBeanDefinitions(XmlBeanDefinitionReader.java:316) ]
INFO:Loading XML bean definitions from class path resource [spring-mvc.xml]
2019-01-18 08:30:00 上午 [Thread: localhost-startStop-1][ Class:org.springframework.web.servlet.DispatcherServlet >> Method: org.springframework.web.servlet.FrameworkServlet.initServletBean(FrameworkServlet.java:479) ]
INFO:FrameworkServlet 'springDispatcherServlet': initialization started
2019-01-18 08:30:00 上午 [Thread: localhost-startStop-1][ Class:org.springframework.web.context.support.XmlWebApplicationContext >> Method: org.springframework.context.support.AbstractApplicationContext.prepareRefresh(AbstractApplicationContext.java:513) ]
INFO:Refreshing WebApplicationContext for namespace 'springDispatcherServlet-servlet': startup date [Fri Jan 18 08:30:00 CST 2019]; parent: Root WebApplicationContext
2019-01-18 08:30:00 上午 [Thread: localhost-startStop-1][ Class:org.springframework.beans.factory.xml.XmlBeanDefinitionReader >> Method: org.springframework.beans.factory.xml.XmlBeanDefinitionReader.loadBeanDefinitions(XmlBeanDefinitionReader.java:316) ]
INFO:Loading XML bean definitions from class path resource [spring-mvc.xml]
2019-01-18 08:30:01 上午 [Thread: localhost-startStop-1][ Class:org.springframework.beans.factory.annotation.AutowiredAnnotationBeanPostProcessor >> Method: org.springframework.beans.factory.annotation.AutowiredAnnotationBeanPostProcessor.<init>(AutowiredAnnotationBeanPostProcessor.java:141) ]
INFO:JSR-330 'javax.inject.Inject' annotation found and supported for autowiring
2019-01-18 08:30:01 上午 [Thread: localhost-startStop-1][ Class:org.springframework.beans.factory.annotation.AutowiredAnnotationBeanPostProcessor >> Method: org.springframework.beans.factory.annotation.AutowiredAnnotationBeanPostProcessor.<init>(AutowiredAnnotationBeanPostProcessor.java:141) ]
INFO:JSR-330 'javax.inject.Inject' annotation found and supported for autowiring
2019-01-18 08:30:01 上午 [Thread: localhost-startStop-1][ Class:org.springframework.web.servlet.mvc.method.annotation.RequestMappingHandlerMapping >> Method: org.springframework.web.servlet.handler.AbstractHandlerMethodMapping.registerHandlerMethod(AbstractHandlerMethodMapping.java:182) ]
INFO:Mapped "{[/LoginController],methods=[],params=[],headers=[],consumes=[],produces=[],custom=[]}" onto public java.lang.String com.object.controller.LoginController.showLogin()
2019-01-18 08:30:01 上午 [Thread: localhost-startStop-1][ Class:org.springframework.web.servlet.mvc.method.annotation.RequestMappingHandlerMapping >> Method: org.springframework.web.servlet.handler.AbstractHandlerMethodMapping.registerHandlerMethod(AbstractHandlerMethodMapping.java:182) ]
INFO:Mapped "{[/LoginController/findAdminByName],methods=[],params=[],headers=[],consumes=[],produces=[],custom=[]}" onto public com.object.pojo.Admin com.object.controller.LoginController.findAdminByName(java.lang.String)
2019-01-18 08:30:02 上午 [Thread: localhost-startStop-1][ Class:org.springframework.web.servlet.mvc.method.annotation.RequestMappingHandlerMapping >> Method: org.springframework.web.servlet.handler.AbstractHandlerMethodMapping.registerHandlerMethod(AbstractHandlerMethodMapping.java:182) ]
INFO:Mapped "{[/LoginController],methods=[],params=[],headers=[],consumes=[],produces=[],custom=[]}" onto public java.lang.String com.object.controller.LoginController.showLogin()
2019-01-18 08:30:02 上午 [Thread: localhost-startStop-1][ Class:org.springframework.web.servlet.mvc.method.annotation.RequestMappingHandlerMapping >> Method: org.springframework.web.servlet.handler.AbstractHandlerMethodMapping.registerHandlerMethod(AbstractHandlerMethodMapping.java:182) ]
INFO:Mapped "{[/LoginController/findAdminByName],methods=[],params=[],headers=[],consumes=[],produces=[],custom=[]}" onto public com.object.pojo.Admin com.object.controller.LoginController.findAdminByName(java.lang.String)
2019-01-18 08:30:03 上午 [Thread: localhost-startStop-1][ Class:org.springframework.web.servlet.DispatcherServlet >> Method: org.springframework.web.servlet.FrameworkServlet.initServletBean(FrameworkServlet.java:498) ]
INFO:FrameworkServlet 'springDispatcherServlet': initialization completed in 2937 ms
2019-01-18 08:30:04 上午 [Thread: localhost-startStop-1][ Class:org.springframework.web.servlet.DispatcherServlet >> Method: org.springframework.web.servlet.FrameworkServlet.initServletBean(FrameworkServlet.java:498) ]
INFO:FrameworkServlet 'springDispatcherServlet': initialization completed in 3879 ms
2019-01-18 08:30:14 上午 [Thread: http-bio-8080-exec-5][ Class:org.springframework.web.servlet.PageNotFound >> Method: org.springframework.web.servlet.DispatcherServlet.noHandlerFound(DispatcherServlet.java:1118) ]
WARN:No mapping found for HTTP request with URI [/favicon.ico] in DispatcherServlet with name 'springDispatcherServlet'
2019-01-18 08:30:22 上午 [Thread: http-bio-8080-exec-6][ Class:com.alibaba.druid.pool.DruidDataSource >> Method: com.alibaba.druid.pool.DruidDataSource.init(DruidDataSource.java:715) ]
INFO:{dataSource-1} inited
2019-01-18 08:37:29 上午 [Thread: localhost-startStop-1][ Class:org.springframework.web.context.ContextLoader >> Method: org.springframework.web.context.ContextLoader.initWebApplicationContext(ContextLoader.java:285) ]
INFO:Root WebApplicationContext: initialization started
2019-01-18 08:37:29 上午 [Thread: localhost-startStop-1][ Class:org.springframework.web.context.support.XmlWebApplicationContext >> Method: org.springframework.context.support.AbstractApplicationContext.prepareRefresh(AbstractApplicationContext.java:513) ]
INFO:Refreshing Root WebApplicationContext: startup date [Fri Jan 18 08:37:29 CST 2019]; root of context hierarchy
2019-01-18 08:37:29 上午 [Thread: localhost-startStop-1][ Class:org.springframework.beans.factory.xml.XmlBeanDefinitionReader >> Method: org.springframework.beans.factory.xml.XmlBeanDefinitionReader.loadBeanDefinitions(XmlBeanDefinitionReader.java:316) ]
INFO:Loading XML bean definitions from class path resource [spring.xml]
2019-01-18 08:37:29 上午 [Thread: localhost-startStop-1][ Class:org.springframework.beans.factory.xml.XmlBeanDefinitionReader >> Method: org.springframework.beans.factory.xml.XmlBeanDefinitionReader.loadBeanDefinitions(XmlBeanDefinitionReader.java:316) ]
INFO:Loading XML bean definitions from class path resource [mybatis-spring.xml]
2019-01-18 08:37:30 上午 [Thread: localhost-startStop-1][ Class:org.springframework.beans.factory.annotation.AutowiredAnnotationBeanPostProcessor >> Method: org.springframework.beans.factory.annotation.AutowiredAnnotationBeanPostProcessor.<init>(AutowiredAnnotationBeanPostProcessor.java:141) ]
INFO:JSR-330 'javax.inject.Inject' annotation found and supported for autowiring
2019-01-18 08:37:31 上午 [Thread: localhost-startStop-1][ Class:org.springframework.web.context.ContextLoader >> Method: org.springframework.web.context.ContextLoader.initWebApplicationContext(ContextLoader.java:325) ]
INFO:Root WebApplicationContext: initialization completed in 2132 ms
2019-01-18 08:37:31 上午 [Thread: localhost-startStop-1][ Class:org.springframework.web.servlet.DispatcherServlet >> Method: org.springframework.web.servlet.FrameworkServlet.initServletBean(FrameworkServlet.java:479) ]
INFO:FrameworkServlet 'springDispatcherServlet': initialization started
2019-01-18 08:37:31 上午 [Thread: localhost-startStop-1][ Class:org.springframework.web.context.support.XmlWebApplicationContext >> Method: org.springframework.context.support.AbstractApplicationContext.prepareRefresh(AbstractApplicationContext.java:513) ]
INFO:Refreshing WebApplicationContext for namespace 'springDispatcherServlet-servlet': startup date [Fri Jan 18 08:37:31 CST 2019]; parent: Root WebApplicationContext
2019-01-18 08:37:31 上午 [Thread: localhost-startStop-1][ Class:org.springframework.beans.factory.xml.XmlBeanDefinitionReader >> Method: org.springframework.beans.factory.xml.XmlBeanDefinitionReader.loadBeanDefinitions(XmlBeanDefinitionReader.java:316) ]
INFO:Loading XML bean definitions from class path resource [spring-mvc.xml]
2019-01-18 08:37:31 上午 [Thread: localhost-startStop-1][ Class:org.springframework.beans.factory.annotation.AutowiredAnnotationBeanPostProcessor >> Method: org.springframework.beans.factory.annotation.AutowiredAnnotationBeanPostProcessor.<init>(AutowiredAnnotationBeanPostProcessor.java:141) ]
INFO:JSR-330 'javax.inject.Inject' annotation found and supported for autowiring
2019-01-18 08:37:31 上午 [Thread: localhost-startStop-1][ Class:org.springframework.web.servlet.mvc.method.annotation.RequestMappingHandlerMapping >> Method: org.springframework.web.servlet.handler.AbstractHandlerMethodMapping.registerHandlerMethod(AbstractHandlerMethodMapping.java:182) ]
INFO:Mapped "{[/LoginController],methods=[],params=[],headers=[],consumes=[],produces=[],custom=[]}" onto public java.lang.String com.object.controller.LoginController.showLogin()
2019-01-18 08:37:31 上午 [Thread: localhost-startStop-1][ Class:org.springframework.web.servlet.mvc.method.annotation.RequestMappingHandlerMapping >> Method: org.springframework.web.servlet.handler.AbstractHandlerMethodMapping.registerHandlerMethod(AbstractHandlerMethodMapping.java:182) ]
INFO:Mapped "{[/LoginController/findAdminByName],methods=[],params=[],headers=[],consumes=[],produces=[],custom=[]}" onto public com.object.pojo.Admin com.object.controller.LoginController.findAdminByName(java.lang.String)
2019-01-18 08:37:33 上午 [Thread: localhost-startStop-1][ Class:org.springframework.web.servlet.DispatcherServlet >> Method: org.springframework.web.servlet.FrameworkServlet.initServletBean(FrameworkServlet.java:498) ]
INFO:FrameworkServlet 'springDispatcherServlet': initialization completed in 2132 ms
2019-01-18 09:50:33 上午 [Thread: localhost-startStop-1][ Class:org.springframework.web.context.ContextLoader >> Method: org.springframework.web.context.ContextLoader.initWebApplicationContext(ContextLoader.java:285) ]
INFO:Root WebApplicationContext: initialization started
2019-01-18 09:50:33 上午 [Thread: localhost-startStop-1][ Class:org.springframework.web.context.support.XmlWebApplicationContext >> Method: org.springframework.context.support.AbstractApplicationContext.prepareRefresh(AbstractApplicationContext.java:513) ]
INFO:Refreshing Root WebApplicationContext: startup date [Fri Jan 18 09:50:33 CST 2019]; root of context hierarchy
2019-01-18 09:50:33 上午 [Thread: localhost-startStop-1][ Class:org.springframework.beans.factory.xml.XmlBeanDefinitionReader >> Method: org.springframework.beans.factory.xml.XmlBeanDefinitionReader.loadBeanDefinitions(XmlBeanDefinitionReader.java:316) ]
INFO:Loading XML bean definitions from class path resource [spring.xml]
2019-01-18 09:50:34 上午 [Thread: localhost-startStop-1][ Class:org.springframework.beans.factory.xml.XmlBeanDefinitionReader >> Method: org.springframework.beans.factory.xml.XmlBeanDefinitionReader.loadBeanDefinitions(XmlBeanDefinitionReader.java:316) ]
INFO:Loading XML bean definitions from class path resource [mybatis-spring.xml]
2019-01-18 09:50:34 上午 [Thread: localhost-startStop-1][ Class:org.springframework.beans.factory.annotation.AutowiredAnnotationBeanPostProcessor >> Method: org.springframework.beans.factory.annotation.AutowiredAnnotationBeanPostProcessor.<init>(AutowiredAnnotationBeanPostProcessor.java:141) ]
INFO:JSR-330 'javax.inject.Inject' annotation found and supported for autowiring
2019-01-18 09:50:36 上午 [Thread: localhost-startStop-1][ Class:org.springframework.web.context.ContextLoader >> Method: org.springframework.web.context.ContextLoader.initWebApplicationContext(ContextLoader.java:325) ]
INFO:Root WebApplicationContext: initialization completed in 3542 ms
2019-01-18 09:50:36 上午 [Thread: localhost-startStop-1][ Class:org.springframework.web.servlet.DispatcherServlet >> Method: org.springframework.web.servlet.FrameworkServlet.initServletBean(FrameworkServlet.java:479) ]
INFO:FrameworkServlet 'springDispatcherServlet': initialization started
2019-01-18 09:50:36 上午 [Thread: localhost-startStop-1][ Class:org.springframework.web.context.support.XmlWebApplicationContext >> Method: org.springframework.context.support.AbstractApplicationContext.prepareRefresh(AbstractApplicationContext.java:513) ]
INFO:Refreshing WebApplicationContext for namespace 'springDispatcherServlet-servlet': startup date [Fri Jan 18 09:50:36 CST 2019]; parent: Root WebApplicationContext
2019-01-18 09:50:36 上午 [Thread: localhost-startStop-1][ Class:org.springframework.beans.factory.xml.XmlBeanDefinitionReader >> Method: org.springframework.beans.factory.xml.XmlBeanDefinitionReader.loadBeanDefinitions(XmlBeanDefinitionReader.java:316) ]
INFO:Loading XML bean definitions from class path resource [spring-mvc.xml]
2019-01-18 09:50:37 上午 [Thread: localhost-startStop-1][ Class:org.springframework.beans.factory.annotation.AutowiredAnnotationBeanPostProcessor >> Method: org.springframework.beans.factory.annotation.AutowiredAnnotationBeanPostProcessor.<init>(AutowiredAnnotationBeanPostProcessor.java:141) ]
INFO:JSR-330 'javax.inject.Inject' annotation found and supported for autowiring
2019-01-18 09:50:37 上午 [Thread: localhost-startStop-1][ Class:org.springframework.web.servlet.mvc.method.annotation.RequestMappingHandlerMapping >> Method: org.springframework.web.servlet.handler.AbstractHandlerMethodMapping.registerHandlerMethod(AbstractHandlerMethodMapping.java:182) ]
INFO:Mapped "{[/LoginController],methods=[],params=[],headers=[],consumes=[],produces=[],custom=[]}" onto public java.lang.String com.object.controller.LoginController.showLogin()
2019-01-18 09:50:37 上午 [Thread: localhost-startStop-1][ Class:org.springframework.web.servlet.mvc.method.annotation.RequestMappingHandlerMapping >> Method: org.springframework.web.servlet.handler.AbstractHandlerMethodMapping.registerHandlerMethod(AbstractHandlerMethodMapping.java:182) ]
INFO:Mapped "{[/LoginController/findAdminByName],methods=[],params=[],headers=[],consumes=[],produces=[],custom=[]}" onto public com.object.pojo.Admin com.object.controller.LoginController.findAdminByName(java.lang.String)
2019-01-18 09:50:38 上午 [Thread: localhost-startStop-1][ Class:org.springframework.web.servlet.DispatcherServlet >> Method: org.springframework.web.servlet.FrameworkServlet.initServletBean(FrameworkServlet.java:498) ]
INFO:FrameworkServlet 'springDispatcherServlet': initialization completed in 1800 ms
2019-01-18 09:50:43 上午 [Thread: http-bio-8080-exec-5][ Class:org.springframework.web.servlet.PageNotFound >> Method: org.springframework.web.servlet.DispatcherServlet.noHandlerFound(DispatcherServlet.java:1118) ]
WARN:No mapping found for HTTP request with URI [/favicon.ico] in DispatcherServlet with name 'springDispatcherServlet'
2019-01-18 09:50:53 上午 [Thread: http-bio-8080-exec-6][ Class:com.alibaba.druid.pool.DruidDataSource >> Method: com.alibaba.druid.pool.DruidDataSource.init(DruidDataSource.java:715) ]
INFO:{dataSource-1} inited
2019-01-18 15:02:53 下午 [Thread: localhost-startStop-1][ Class:org.springframework.web.context.ContextLoader >> Method: org.springframework.web.context.ContextLoader.initWebApplicationContext(ContextLoader.java:285) ]
INFO:Root WebApplicationContext: initialization started
2019-01-18 15:02:53 下午 [Thread: localhost-startStop-1][ Class:org.springframework.web.context.support.XmlWebApplicationContext >> Method: org.springframework.context.support.AbstractApplicationContext.prepareRefresh(AbstractApplicationContext.java:513) ]
INFO:Refreshing Root WebApplicationContext: startup date [Fri Jan 18 15:02:53 CST 2019]; root of context hierarchy
2019-01-18 15:02:53 下午 [Thread: localhost-startStop-1][ Class:org.springframework.beans.factory.xml.XmlBeanDefinitionReader >> Method: org.springframework.beans.factory.xml.XmlBeanDefinitionReader.loadBeanDefinitions(XmlBeanDefinitionReader.java:316) ]
INFO:Loading XML bean definitions from class path resource [spring.xml]
2019-01-18 15:02:55 下午 [Thread: localhost-startStop-1][ Class:org.springframework.beans.factory.xml.XmlBeanDefinitionReader >> Method: org.springframework.beans.factory.xml.XmlBeanDefinitionReader.loadBeanDefinitions(XmlBeanDefinitionReader.java:316) ]
INFO:Loading XML bean definitions from class path resource [mybatis-spring.xml]
2019-01-18 15:02:55 下午 [Thread: localhost-startStop-1][ Class:org.springframework.beans.factory.annotation.AutowiredAnnotationBeanPostProcessor >> Method: org.springframework.beans.factory.annotation.AutowiredAnnotationBeanPostProcessor.<init>(AutowiredAnnotationBeanPostProcessor.java:141) ]
INFO:JSR-330 'javax.inject.Inject' annotation found and supported for autowiring
2019-01-18 15:02:57 下午 [Thread: localhost-startStop-1][ Class:org.springframework.web.context.ContextLoader >> Method: org.springframework.web.context.ContextLoader.initWebApplicationContext(ContextLoader.java:325) ]
INFO:Root WebApplicationContext: initialization completed in 3423 ms
2019-01-18 15:02:57 下午 [Thread: localhost-startStop-1][ Class:org.springframework.web.servlet.DispatcherServlet >> Method: org.springframework.web.servlet.FrameworkServlet.initServletBean(FrameworkServlet.java:479) ]
INFO:FrameworkServlet 'springDispatcherServlet': initialization started
2019-01-18 15:02:57 下午 [Thread: localhost-startStop-1][ Class:org.springframework.web.context.support.XmlWebApplicationContext >> Method: org.springframework.context.support.AbstractApplicationContext.prepareRefresh(AbstractApplicationContext.java:513) ]
INFO:Refreshing WebApplicationContext for namespace 'springDispatcherServlet-servlet': startup date [Fri Jan 18 15:02:57 CST 2019]; parent: Root WebApplicationContext
2019-01-18 15:02:57 下午 [Thread: localhost-startStop-1][ Class:org.springframework.beans.factory.xml.XmlBeanDefinitionReader >> Method: org.springframework.beans.factory.xml.XmlBeanDefinitionReader.loadBeanDefinitions(XmlBeanDefinitionReader.java:316) ]
INFO:Loading XML bean definitions from class path resource [spring-mvc.xml]
2019-01-18 15:02:57 下午 [Thread: localhost-startStop-1][ Class:org.springframework.beans.factory.annotation.AutowiredAnnotationBeanPostProcessor >> Method: org.springframework.beans.factory.annotation.AutowiredAnnotationBeanPostProcessor.<init>(AutowiredAnnotationBeanPostProcessor.java:141) ]
INFO:JSR-330 'javax.inject.Inject' annotation found and supported for autowiring
2019-01-18 15:02:57 下午 [Thread: localhost-startStop-1][ Class:org.springframework.web.servlet.mvc.method.annotation.RequestMappingHandlerMapping >> Method: org.springframework.web.servlet.handler.AbstractHandlerMethodMapping.registerHandlerMethod(AbstractHandlerMethodMapping.java:182) ]
INFO:Mapped "{[/LoginController/findAdminByName],methods=[],params=[],headers=[],consumes=[],produces=[],custom=[]}" onto public com.object.pojo.Admin com.object.controller.LoginController.findAdminByName(java.lang.String)
2019-01-18 15:02:57 下午 [Thread: localhost-startStop-1][ Class:org.springframework.web.servlet.mvc.method.annotation.RequestMappingHandlerMapping >> Method: org.springframework.web.servlet.handler.AbstractHandlerMethodMapping.registerHandlerMethod(AbstractHandlerMethodMapping.java:182) ]
INFO:Mapped "{[/LoginController],methods=[],params=[],headers=[],consumes=[],produces=[],custom=[]}" onto public java.lang.String com.object.controller.LoginController.showLogin()
2019-01-18 15:02:58 下午 [Thread: localhost-startStop-1][ Class:org.springframework.web.servlet.DispatcherServlet >> Method: org.springframework.web.servlet.FrameworkServlet.initServletBean(FrameworkServlet.java:498) ]
INFO:FrameworkServlet 'springDispatcherServlet': initialization completed in 1541 ms
2019-01-18 15:03:13 下午 [Thread: http-bio-8080-exec-6][ Class:org.springframework.web.servlet.PageNotFound >> Method: org.springframework.web.servlet.DispatcherServlet.noHandlerFound(DispatcherServlet.java:1118) ]
WARN:No mapping found for HTTP request with URI [/favicon.ico] in DispatcherServlet with name 'springDispatcherServlet'
2019-01-18 15:07:26 下午 [Thread: http-bio-8080-exec-3][ Class:org.springframework.web.servlet.PageNotFound >> Method: org.springframework.web.servlet.DispatcherServlet.noHandlerFound(DispatcherServlet.java:1118) ]
WARN:No mapping found for HTTP request with URI [/favicon.ico] in DispatcherServlet with name 'springDispatcherServlet'
2019-01-18 15:50:44 下午 [Thread: localhost-startStop-1][ Class:org.springframework.web.context.ContextLoader >> Method: org.springframework.web.context.ContextLoader.initWebApplicationContext(ContextLoader.java:285) ]
INFO:Root WebApplicationContext: initialization started
2019-01-18 15:50:44 下午 [Thread: localhost-startStop-1][ Class:org.springframework.web.context.support.XmlWebApplicationContext >> Method: org.springframework.context.support.AbstractApplicationContext.prepareRefresh(AbstractApplicationContext.java:513) ]
INFO:Refreshing Root WebApplicationContext: startup date [Fri Jan 18 15:50:44 CST 2019]; root of context hierarchy
2019-01-18 15:50:44 下午 [Thread: localhost-startStop-1][ Class:org.springframework.beans.factory.xml.XmlBeanDefinitionReader >> Method: org.springframework.beans.factory.xml.XmlBeanDefinitionReader.loadBeanDefinitions(XmlBeanDefinitionReader.java:316) ]
INFO:Loading XML bean definitions from class path resource [spring.xml]
2019-01-18 15:50:44 下午 [Thread: localhost-startStop-1][ Class:org.springframework.beans.factory.xml.XmlBeanDefinitionReader >> Method: org.springframework.beans.factory.xml.XmlBeanDefinitionReader.loadBeanDefinitions(XmlBeanDefinitionReader.java:316) ]
INFO:Loading XML bean definitions from class path resource [mybatis-spring.xml]
2019-01-18 15:50:45 下午 [Thread: localhost-startStop-1][ Class:org.springframework.beans.factory.annotation.AutowiredAnnotationBeanPostProcessor >> Method: org.springframework.beans.factory.annotation.AutowiredAnnotationBeanPostProcessor.<init>(AutowiredAnnotationBeanPostProcessor.java:141) ]
INFO:JSR-330 'javax.inject.Inject' annotation found and supported for autowiring
2019-01-18 15:50:46 下午 [Thread: localhost-startStop-1][ Class:org.springframework.web.context.ContextLoader >> Method: org.springframework.web.context.ContextLoader.initWebApplicationContext(ContextLoader.java:325) ]
INFO:Root WebApplicationContext: initialization completed in 2364 ms
2019-01-18 15:50:46 下午 [Thread: localhost-startStop-1][ Class:org.springframework.web.servlet.DispatcherServlet >> Method: org.springframework.web.servlet.FrameworkServlet.initServletBean(FrameworkServlet.java:479) ]
INFO:FrameworkServlet 'springDispatcherServlet': initialization started
2019-01-18 15:50:46 下午 [Thread: localhost-startStop-1][ Class:org.springframework.web.context.support.XmlWebApplicationContext >> Method: org.springframework.context.support.AbstractApplicationContext.prepareRefresh(AbstractApplicationContext.java:513) ]
INFO:Refreshing WebApplicationContext for namespace 'springDispatcherServlet-servlet': startup date [Fri Jan 18 15:50:46 CST 2019]; parent: Root WebApplicationContext
2019-01-18 15:50:46 下午 [Thread: localhost-startStop-1][ Class:org.springframework.beans.factory.xml.XmlBeanDefinitionReader >> Method: org.springframework.beans.factory.xml.XmlBeanDefinitionReader.loadBeanDefinitions(XmlBeanDefinitionReader.java:316) ]
INFO:Loading XML bean definitions from class path resource [spring-mvc.xml]
2019-01-18 15:50:47 下午 [Thread: localhost-startStop-1][ Class:org.springframework.beans.factory.annotation.AutowiredAnnotationBeanPostProcessor >> Method: org.springframework.beans.factory.annotation.AutowiredAnnotationBeanPostProcessor.<init>(AutowiredAnnotationBeanPostProcessor.java:141) ]
INFO:JSR-330 'javax.inject.Inject' annotation found and supported for autowiring
2019-01-18 15:50:47 下午 [Thread: localhost-startStop-1][ Class:org.springframework.web.servlet.mvc.method.annotation.RequestMappingHandlerMapping >> Method: org.springframework.web.servlet.handler.AbstractHandlerMethodMapping.registerHandlerMethod(AbstractHandlerMethodMapping.java:182) ]
INFO:Mapped "{[/LoginController],methods=[],params=[],headers=[],consumes=[],produces=[],custom=[]}" onto public java.lang.String com.object.controller.LoginController.showLogin()
2019-01-18 15:50:47 下午 [Thread: localhost-startStop-1][ Class:org.springframework.web.servlet.mvc.method.annotation.RequestMappingHandlerMapping >> Method: org.springframework.web.servlet.handler.AbstractHandlerMethodMapping.registerHandlerMethod(AbstractHandlerMethodMapping.java:182) ]
INFO:Mapped "{[/LoginController/findAdminByName],methods=[],params=[],headers=[],consumes=[],produces=[],custom=[]}" onto public com.object.pojo.Admin com.object.controller.LoginController.findAdminByName(java.lang.String)
2019-01-18 15:50:48 下午 [Thread: localhost-startStop-1][ Class:org.springframework.web.servlet.DispatcherServlet >> Method: org.springframework.web.servlet.FrameworkServlet.initServletBean(FrameworkServlet.java:498) ]
INFO:FrameworkServlet 'springDispatcherServlet': initialization completed in 1473 ms
2019-01-18 15:55:19 下午 [Thread: localhost-startStop-1][ Class:org.springframework.web.context.ContextLoader >> Method: org.springframework.web.context.ContextLoader.initWebApplicationContext(ContextLoader.java:285) ]
INFO:Root WebApplicationContext: initialization started
2019-01-18 15:55:19 下午 [Thread: localhost-startStop-1][ Class:org.springframework.web.context.support.XmlWebApplicationContext >> Method: org.springframework.context.support.AbstractApplicationContext.prepareRefresh(AbstractApplicationContext.java:513) ]
INFO:Refreshing Root WebApplicationContext: startup date [Fri Jan 18 15:55:19 CST 2019]; root of context hierarchy
2019-01-18 15:55:19 下午 [Thread: localhost-startStop-1][ Class:org.springframework.beans.factory.xml.XmlBeanDefinitionReader >> Method: org.springframework.beans.factory.xml.XmlBeanDefinitionReader.loadBeanDefinitions(XmlBeanDefinitionReader.java:316) ]
INFO:Loading XML bean definitions from class path resource [spring.xml]
2019-01-18 15:55:19 下午 [Thread: localhost-startStop-1][ Class:org.springframework.beans.factory.xml.XmlBeanDefinitionReader >> Method: org.springframework.beans.factory.xml.XmlBeanDefinitionReader.loadBeanDefinitions(XmlBeanDefinitionReader.java:316) ]
INFO:Loading XML bean definitions from class path resource [mybatis-spring.xml]
2019-01-18 15:55:20 下午 [Thread: localhost-startStop-1][ Class:org.springframework.beans.factory.annotation.AutowiredAnnotationBeanPostProcessor >> Method: org.springframework.beans.factory.annotation.AutowiredAnnotationBeanPostProcessor.<init>(AutowiredAnnotationBeanPostProcessor.java:141) ]
INFO:JSR-330 'javax.inject.Inject' annotation found and supported for autowiring
2019-01-18 15:55:21 下午 [Thread: localhost-startStop-1][ Class:org.springframework.web.context.ContextLoader >> Method: org.springframework.web.context.ContextLoader.initWebApplicationContext(ContextLoader.java:325) ]
INFO:Root WebApplicationContext: initialization completed in 2509 ms
2019-01-18 15:55:21 下午 [Thread: localhost-startStop-1][ Class:org.springframework.web.servlet.DispatcherServlet >> Method: org.springframework.web.servlet.FrameworkServlet.initServletBean(FrameworkServlet.java:479) ]
INFO:FrameworkServlet 'springDispatcherServlet': initialization started
2019-01-18 15:55:21 下午 [Thread: localhost-startStop-1][ Class:org.springframework.web.context.support.XmlWebApplicationContext >> Method: org.springframework.context.support.AbstractApplicationContext.prepareRefresh(AbstractApplicationContext.java:513) ]
INFO:Refreshing WebApplicationContext for namespace 'springDispatcherServlet-servlet': startup date [Fri Jan 18 15:55:21 CST 2019]; parent: Root WebApplicationContext
2019-01-18 15:55:21 下午 [Thread: localhost-startStop-1][ Class:org.springframework.beans.factory.xml.XmlBeanDefinitionReader >> Method: org.springframework.beans.factory.xml.XmlBeanDefinitionReader.loadBeanDefinitions(XmlBeanDefinitionReader.java:316) ]
INFO:Loading XML bean definitions from class path resource [spring-mvc.xml]
2019-01-18 15:55:21 下午 [Thread: localhost-startStop-1][ Class:org.springframework.beans.factory.annotation.AutowiredAnnotationBeanPostProcessor >> Method: org.springframework.beans.factory.annotation.AutowiredAnnotationBeanPostProcessor.<init>(AutowiredAnnotationBeanPostProcessor.java:141) ]
INFO:JSR-330 'javax.inject.Inject' annotation found and supported for autowiring
2019-01-18 15:55:22 下午 [Thread: localhost-startStop-1][ Class:org.springframework.web.servlet.mvc.method.annotation.RequestMappingHandlerMapping >> Method: org.springframework.web.servlet.handler.AbstractHandlerMethodMapping.registerHandlerMethod(AbstractHandlerMethodMapping.java:182) ]
INFO:Mapped "{[/LoginController],methods=[],params=[],headers=[],consumes=[],produces=[],custom=[]}" onto public java.lang.String com.object.controller.LoginController.showLogin()
2019-01-18 15:55:22 下午 [Thread: localhost-startStop-1][ Class:org.springframework.web.servlet.mvc.method.annotation.RequestMappingHandlerMapping >> Method: org.springframework.web.servlet.handler.AbstractHandlerMethodMapping.registerHandlerMethod(AbstractHandlerMethodMapping.java:182) ]
INFO:Mapped "{[/LoginController/findAdminByName],methods=[],params=[],headers=[],consumes=[],produces=[],custom=[]}" onto public com.object.pojo.Admin com.object.controller.LoginController.findAdminByName(java.lang.String)
2019-01-18 15:55:23 下午 [Thread: localhost-startStop-1][ Class:org.springframework.web.servlet.DispatcherServlet >> Method: org.springframework.web.servlet.FrameworkServlet.initServletBean(FrameworkServlet.java:498) ]
INFO:FrameworkServlet 'springDispatcherServlet': initialization completed in 1468 ms
2019-01-18 16:06:25 下午 [Thread: localhost-startStop-1][ Class:org.springframework.web.context.ContextLoader >> Method: org.springframework.web.context.ContextLoader.initWebApplicationContext(ContextLoader.java:285) ]
INFO:Root WebApplicationContext: initialization started
2019-01-18 16:06:25 下午 [Thread: localhost-startStop-1][ Class:org.springframework.web.context.support.XmlWebApplicationContext >> Method: org.springframework.context.support.AbstractApplicationContext.prepareRefresh(AbstractApplicationContext.java:513) ]
INFO:Refreshing Root WebApplicationContext: startup date [Fri Jan 18 16:06:25 CST 2019]; root of context hierarchy
2019-01-18 16:06:25 下午 [Thread: localhost-startStop-1][ Class:org.springframework.beans.factory.xml.XmlBeanDefinitionReader >> Method: org.springframework.beans.factory.xml.XmlBeanDefinitionReader.loadBeanDefinitions(XmlBeanDefinitionReader.java:316) ]
INFO:Loading XML bean definitions from class path resource [spring.xml]
2019-01-18 16:06:26 下午 [Thread: localhost-startStop-1][ Class:org.springframework.beans.factory.xml.XmlBeanDefinitionReader >> Method: org.springframework.beans.factory.xml.XmlBeanDefinitionReader.loadBeanDefinitions(XmlBeanDefinitionReader.java:316) ]
INFO:Loading XML bean definitions from class path resource [mybatis-spring.xml]
2019-01-18 16:06:26 下午 [Thread: localhost-startStop-1][ Class:org.springframework.beans.factory.annotation.AutowiredAnnotationBeanPostProcessor >> Method: org.springframework.beans.factory.annotation.AutowiredAnnotationBeanPostProcessor.<init>(AutowiredAnnotationBeanPostProcessor.java:141) ]
INFO:JSR-330 'javax.inject.Inject' annotation found and supported for autowiring
2019-01-18 16:06:27 下午 [Thread: localhost-startStop-1][ Class:org.springframework.web.context.ContextLoader >> Method: org.springframework.web.context.ContextLoader.initWebApplicationContext(ContextLoader.java:325) ]
INFO:Root WebApplicationContext: initialization completed in 1965 ms
2019-01-18 16:06:27 下午 [Thread: localhost-startStop-1][ Class:org.springframework.web.servlet.DispatcherServlet >> Method: org.springframework.web.servlet.FrameworkServlet.initServletBean(FrameworkServlet.java:479) ]
INFO:FrameworkServlet 'springDispatcherServlet': initialization started
2019-01-18 16:06:27 下午 [Thread: localhost-startStop-1][ Class:org.springframework.web.context.support.XmlWebApplicationContext >> Method: org.springframework.context.support.AbstractApplicationContext.prepareRefresh(AbstractApplicationContext.java:513) ]
INFO:Refreshing WebApplicationContext for namespace 'springDispatcherServlet-servlet': startup date [Fri Jan 18 16:06:27 CST 2019]; parent: Root WebApplicationContext
2019-01-18 16:06:27 下午 [Thread: localhost-startStop-1][ Class:org.springframework.beans.factory.xml.XmlBeanDefinitionReader >> Method: org.springframework.beans.factory.xml.XmlBeanDefinitionReader.loadBeanDefinitions(XmlBeanDefinitionReader.java:316) ]
INFO:Loading XML bean definitions from class path resource [spring-mvc.xml]
2019-01-18 16:06:27 下午 [Thread: localhost-startStop-1][ Class:org.springframework.beans.factory.annotation.AutowiredAnnotationBeanPostProcessor >> Method: org.springframework.beans.factory.annotation.AutowiredAnnotationBeanPostProcessor.<init>(AutowiredAnnotationBeanPostProcessor.java:141) ]
INFO:JSR-330 'javax.inject.Inject' annotation found and supported for autowiring
2019-01-18 16:06:27 下午 [Thread: localhost-startStop-1][ Class:org.springframework.web.servlet.mvc.method.annotation.RequestMappingHandlerMapping >> Method: org.springframework.web.servlet.handler.AbstractHandlerMethodMapping.registerHandlerMethod(AbstractHandlerMethodMapping.java:182) ]
INFO:Mapped "{[/LoginController],methods=[],params=[],headers=[],consumes=[],produces=[],custom=[]}" onto public java.lang.String com.object.controller.LoginController.showLogin()
2019-01-18 16:06:27 下午 [Thread: localhost-startStop-1][ Class:org.springframework.web.servlet.mvc.method.annotation.RequestMappingHandlerMapping >> Method: org.springframework.web.servlet.handler.AbstractHandlerMethodMapping.registerHandlerMethod(AbstractHandlerMethodMapping.java:182) ]
INFO:Mapped "{[/LoginController/findAdminByName],methods=[],params=[],headers=[],consumes=[],produces=[],custom=[]}" onto public com.object.pojo.Admin com.object.controller.LoginController.findAdminByName(java.lang.String)
2019-01-18 16:06:29 下午 [Thread: localhost-startStop-1][ Class:org.springframework.web.servlet.DispatcherServlet >> Method: org.springframework.web.servlet.FrameworkServlet.initServletBean(FrameworkServlet.java:498) ]
INFO:FrameworkServlet 'springDispatcherServlet': initialization completed in 2420 ms
2019-01-18 16:08:52 下午 [Thread: localhost-startStop-1][ Class:org.springframework.web.context.ContextLoader >> Method: org.springframework.web.context.ContextLoader.initWebApplicationContext(ContextLoader.java:285) ]
INFO:Root WebApplicationContext: initialization started
2019-01-18 16:08:52 下午 [Thread: localhost-startStop-1][ Class:org.springframework.web.context.support.XmlWebApplicationContext >> Method: org.springframework.context.support.AbstractApplicationContext.prepareRefresh(AbstractApplicationContext.java:513) ]
INFO:Refreshing Root WebApplicationContext: startup date [Fri Jan 18 16:08:52 CST 2019]; root of context hierarchy
2019-01-18 16:08:52 下午 [Thread: localhost-startStop-1][ Class:org.springframework.beans.factory.xml.XmlBeanDefinitionReader >> Method: org.springframework.beans.factory.xml.XmlBeanDefinitionReader.loadBeanDefinitions(XmlBeanDefinitionReader.java:316) ]
INFO:Loading XML bean definitions from class path resource [spring.xml]
2019-01-18 16:08:53 下午 [Thread: localhost-startStop-1][ Class:org.springframework.beans.factory.xml.XmlBeanDefinitionReader >> Method: org.springframework.beans.factory.xml.XmlBeanDefinitionReader.loadBeanDefinitions(XmlBeanDefinitionReader.java:316) ]
INFO:Loading XML bean definitions from class path resource [mybatis-spring.xml]
2019-01-18 16:08:53 下午 [Thread: localhost-startStop-1][ Class:org.springframework.beans.factory.annotation.AutowiredAnnotationBeanPostProcessor >> Method: org.springframework.beans.factory.annotation.AutowiredAnnotationBeanPostProcessor.<init>(AutowiredAnnotationBeanPostProcessor.java:141) ]
INFO:JSR-330 'javax.inject.Inject' annotation found and supported for autowiring
2019-01-18 16:08:54 下午 [Thread: localhost-startStop-1][ Class:org.springframework.web.context.ContextLoader >> Method: org.springframework.web.context.ContextLoader.initWebApplicationContext(ContextLoader.java:325) ]
INFO:Root WebApplicationContext: initialization completed in 1811 ms
2019-01-18 16:08:54 下午 [Thread: localhost-startStop-1][ Class:org.springframework.web.servlet.DispatcherServlet >> Method: org.springframework.web.servlet.FrameworkServlet.initServletBean(FrameworkServlet.java:479) ]
INFO:FrameworkServlet 'springDispatcherServlet': initialization started
2019-01-18 16:08:54 下午 [Thread: localhost-startStop-1][ Class:org.springframework.web.context.support.XmlWebApplicationContext >> Method: org.springframework.context.support.AbstractApplicationContext.prepareRefresh(AbstractApplicationContext.java:513) ]
INFO:Refreshing WebApplicationContext for namespace 'springDispatcherServlet-servlet': startup date [Fri Jan 18 16:08:54 CST 2019]; parent: Root WebApplicationContext
2019-01-18 16:08:54 下午 [Thread: localhost-startStop-1][ Class:org.springframework.beans.factory.xml.XmlBeanDefinitionReader >> Method: org.springframework.beans.factory.xml.XmlBeanDefinitionReader.loadBeanDefinitions(XmlBeanDefinitionReader.java:316) ]
INFO:Loading XML bean definitions from class path resource [spring-mvc.xml]
2019-01-18 16:08:54 下午 [Thread: localhost-startStop-1][ Class:org.springframework.beans.factory.annotation.AutowiredAnnotationBeanPostProcessor >> Method: org.springframework.beans.factory.annotation.AutowiredAnnotationBeanPostProcessor.<init>(AutowiredAnnotationBeanPostProcessor.java:141) ]
INFO:JSR-330 'javax.inject.Inject' annotation found and supported for autowiring
2019-01-18 16:08:54 下午 [Thread: localhost-startStop-1][ Class:org.springframework.web.servlet.mvc.method.annotation.RequestMappingHandlerMapping >> Method: org.springframework.web.servlet.handler.AbstractHandlerMethodMapping.registerHandlerMethod(AbstractHandlerMethodMapping.java:182) ]
INFO:Mapped "{[/LoginController/findAdminByName],methods=[],params=[],headers=[],consumes=[],produces=[],custom=[]}" onto public com.object.pojo.Admin com.object.controller.LoginController.findAdminByName(java.lang.String)
2019-01-18 16:08:54 下午 [Thread: localhost-startStop-1][ Class:org.springframework.web.servlet.mvc.method.annotation.RequestMappingHandlerMapping >> Method: org.springframework.web.servlet.handler.AbstractHandlerMethodMapping.registerHandlerMethod(AbstractHandlerMethodMapping.java:182) ]
INFO:Mapped "{[/LoginController],methods=[],params=[],headers=[],consumes=[],produces=[],custom=[]}" onto public java.lang.String com.object.controller.LoginController.showLogin()
2019-01-18 16:08:56 下午 [Thread: localhost-startStop-1][ Class:org.springframework.web.servlet.DispatcherServlet >> Method: org.springframework.web.servlet.FrameworkServlet.initServletBean(FrameworkServlet.java:498) ]
INFO:FrameworkServlet 'springDispatcherServlet': initialization completed in 1763 ms
2019-01-18 16:12:43 下午 [Thread: localhost-startStop-1][ Class:org.springframework.web.context.ContextLoader >> Method: org.springframework.web.context.ContextLoader.initWebApplicationContext(ContextLoader.java:285) ]
INFO:Root WebApplicationContext: initialization started
2019-01-18 16:12:43 下午 [Thread: localhost-startStop-1][ Class:org.springframework.web.context.support.XmlWebApplicationContext >> Method: org.springframework.context.support.AbstractApplicationContext.prepareRefresh(AbstractApplicationContext.java:513) ]
INFO:Refreshing Root WebApplicationContext: startup date [Fri Jan 18 16:12:43 CST 2019]; root of context hierarchy
2019-01-18 16:12:43 下午 [Thread: localhost-startStop-1][ Class:org.springframework.beans.factory.xml.XmlBeanDefinitionReader >> Method: org.springframework.beans.factory.xml.XmlBeanDefinitionReader.loadBeanDefinitions(XmlBeanDefinitionReader.java:316) ]
INFO:Loading XML bean definitions from class path resource [spring.xml]
2019-01-18 16:12:43 下午 [Thread: localhost-startStop-1][ Class:org.springframework.beans.factory.xml.XmlBeanDefinitionReader >> Method: org.springframework.beans.factory.xml.XmlBeanDefinitionReader.loadBeanDefinitions(XmlBeanDefinitionReader.java:316) ]
INFO:Loading XML bean definitions from class path resource [mybatis-spring.xml]
2019-01-18 16:12:44 下午 [Thread: localhost-startStop-1][ Class:org.springframework.beans.factory.annotation.AutowiredAnnotationBeanPostProcessor >> Method: org.springframework.beans.factory.annotation.AutowiredAnnotationBeanPostProcessor.<init>(AutowiredAnnotationBeanPostProcessor.java:141) ]
INFO:JSR-330 'javax.inject.Inject' annotation found and supported for autowiring
2019-01-18 16:12:45 下午 [Thread: localhost-startStop-1][ Class:org.springframework.web.context.ContextLoader >> Method: org.springframework.web.context.ContextLoader.initWebApplicationContext(ContextLoader.java:325) ]
INFO:Root WebApplicationContext: initialization completed in 2219 ms
2019-01-18 16:12:45 下午 [Thread: localhost-startStop-1][ Class:org.springframework.web.servlet.DispatcherServlet >> Method: org.springframework.web.servlet.FrameworkServlet.initServletBean(FrameworkServlet.java:479) ]
INFO:FrameworkServlet 'springDispatcherServlet': initialization started
2019-01-18 16:12:45 下午 [Thread: localhost-startStop-1][ Class:org.springframework.web.context.support.XmlWebApplicationContext >> Method: org.springframework.context.support.AbstractApplicationContext.prepareRefresh(AbstractApplicationContext.java:513) ]
INFO:Refreshing WebApplicationContext for namespace 'springDispatcherServlet-servlet': startup date [Fri Jan 18 16:12:45 CST 2019]; parent: Root WebApplicationContext
2019-01-18 16:12:45 下午 [Thread: localhost-startStop-1][ Class:org.springframework.beans.factory.xml.XmlBeanDefinitionReader >> Method: org.springframework.beans.factory.xml.XmlBeanDefinitionReader.loadBeanDefinitions(XmlBeanDefinitionReader.java:316) ]
INFO:Loading XML bean definitions from class path resource [spring-mvc.xml]
2019-01-18 16:12:45 下午 [Thread: localhost-startStop-1][ Class:org.springframework.beans.factory.annotation.AutowiredAnnotationBeanPostProcessor >> Method: org.springframework.beans.factory.annotation.AutowiredAnnotationBeanPostProcessor.<init>(AutowiredAnnotationBeanPostProcessor.java:141) ]
INFO:JSR-330 'javax.inject.Inject' annotation found and supported for autowiring
2019-01-18 16:12:46 下午 [Thread: localhost-startStop-1][ Class:org.springframework.web.servlet.mvc.method.annotation.RequestMappingHandlerMapping >> Method: org.springframework.web.servlet.handler.AbstractHandlerMethodMapping.registerHandlerMethod(AbstractHandlerMethodMapping.java:182) ]
INFO:Mapped "{[/LoginController],methods=[],params=[],headers=[],consumes=[],produces=[],custom=[]}" onto public java.lang.String com.object.controller.LoginController.showLogin()
2019-01-18 16:12:46 下午 [Thread: localhost-startStop-1][ Class:org.springframework.web.servlet.mvc.method.annotation.RequestMappingHandlerMapping >> Method: org.springframework.web.servlet.handler.AbstractHandlerMethodMapping.registerHandlerMethod(AbstractHandlerMethodMapping.java:182) ]
INFO:Mapped "{[/LoginController/findAdminByName],methods=[],params=[],headers=[],consumes=[],produces=[],custom=[]}" onto public com.object.pojo.Admin com.object.controller.LoginController.findAdminByName(java.lang.String)
2019-01-18 16:12:47 下午 [Thread: localhost-startStop-1][ Class:org.springframework.web.servlet.DispatcherServlet >> Method: org.springframework.web.servlet.FrameworkServlet.initServletBean(FrameworkServlet.java:498) ]
INFO:FrameworkServlet 'springDispatcherServlet': initialization completed in 1802 ms
2019-01-18 16:13:14 下午 [Thread: http-bio-8080-exec-9][ Class:com.alibaba.druid.pool.DruidDataSource >> Method: com.alibaba.druid.pool.DruidDataSource.init(DruidDataSource.java:715) ]
INFO:{dataSource-1} inited
2019-01-18 17:25:31 下午 [Thread: localhost-startStop-1][ Class:org.springframework.web.context.ContextLoader >> Method: org.springframework.web.context.ContextLoader.initWebApplicationContext(ContextLoader.java:285) ]
INFO:Root WebApplicationContext: initialization started
2019-01-18 17:25:32 下午 [Thread: localhost-startStop-1][ Class:org.springframework.web.context.support.XmlWebApplicationContext >> Method: org.springframework.context.support.AbstractApplicationContext.prepareRefresh(AbstractApplicationContext.java:513) ]
INFO:Refreshing Root WebApplicationContext: startup date [Fri Jan 18 17:25:32 CST 2019]; root of context hierarchy
2019-01-18 17:25:32 下午 [Thread: localhost-startStop-1][ Class:org.springframework.beans.factory.xml.XmlBeanDefinitionReader >> Method: org.springframework.beans.factory.xml.XmlBeanDefinitionReader.loadBeanDefinitions(XmlBeanDefinitionReader.java:316) ]
INFO:Loading XML bean definitions from class path resource [spring.xml]
2019-01-18 17:25:32 下午 [Thread: localhost-startStop-1][ Class:org.springframework.beans.factory.xml.XmlBeanDefinitionReader >> Method: org.springframework.beans.factory.xml.XmlBeanDefinitionReader.loadBeanDefinitions(XmlBeanDefinitionReader.java:316) ]
INFO:Loading XML bean definitions from class path resource [mybatis-spring.xml]
2019-01-18 17:25:32 下午 [Thread: localhost-startStop-1][ Class:org.springframework.beans.factory.annotation.AutowiredAnnotationBeanPostProcessor >> Method: org.springframework.beans.factory.annotation.AutowiredAnnotationBeanPostProcessor.<init>(AutowiredAnnotationBeanPostProcessor.java:141) ]
INFO:JSR-330 'javax.inject.Inject' annotation found and supported for autowiring
2019-01-18 17:25:33 下午 [Thread: localhost-startStop-1][ Class:org.springframework.web.context.ContextLoader >> Method: org.springframework.web.context.ContextLoader.initWebApplicationContext(ContextLoader.java:325) ]
INFO:Root WebApplicationContext: initialization completed in 1676 ms
2019-01-18 17:25:33 下午 [Thread: localhost-startStop-1][ Class:org.springframework.web.servlet.DispatcherServlet >> Method: org.springframework.web.servlet.FrameworkServlet.initServletBean(FrameworkServlet.java:479) ]
INFO:FrameworkServlet 'springDispatcherServlet': initialization started
2019-01-18 17:25:33 下午 [Thread: localhost-startStop-1][ Class:org.springframework.web.context.support.XmlWebApplicationContext >> Method: org.springframework.context.support.AbstractApplicationContext.prepareRefresh(AbstractApplicationContext.java:513) ]
INFO:Refreshing WebApplicationContext for namespace 'springDispatcherServlet-servlet': startup date [Fri Jan 18 17:25:33 CST 2019]; parent: Root WebApplicationContext
2019-01-18 17:25:33 下午 [Thread: localhost-startStop-1][ Class:org.springframework.beans.factory.xml.XmlBeanDefinitionReader >> Method: org.springframework.beans.factory.xml.XmlBeanDefinitionReader.loadBeanDefinitions(XmlBeanDefinitionReader.java:316) ]
INFO:Loading XML bean definitions from class path resource [spring-mvc.xml]
2019-01-18 17:25:33 下午 [Thread: localhost-startStop-1][ Class:org.springframework.beans.factory.annotation.AutowiredAnnotationBeanPostProcessor >> Method: org.springframework.beans.factory.annotation.AutowiredAnnotationBeanPostProcessor.<init>(AutowiredAnnotationBeanPostProcessor.java:141) ]
INFO:JSR-330 'javax.inject.Inject' annotation found and supported for autowiring
2019-01-18 17:25:34 下午 [Thread: localhost-startStop-1][ Class:org.springframework.web.servlet.mvc.method.annotation.RequestMappingHandlerMapping >> Method: org.springframework.web.servlet.handler.AbstractHandlerMethodMapping.registerHandlerMethod(AbstractHandlerMethodMapping.java:182) ]
INFO:Mapped "{[/LoginController],methods=[],params=[],headers=[],consumes=[],produces=[],custom=[]}" onto public java.lang.String com.object.controller.LoginController.showLogin()
2019-01-18 17:25:34 下午 [Thread: localhost-startStop-1][ Class:org.springframework.web.servlet.mvc.method.annotation.RequestMappingHandlerMapping >> Method: org.springframework.web.servlet.handler.AbstractHandlerMethodMapping.registerHandlerMethod(AbstractHandlerMethodMapping.java:182) ]
INFO:Mapped "{[/LoginController/findAdminByName],methods=[],params=[],headers=[],consumes=[],produces=[],custom=[]}" onto public com.object.pojo.Admin com.object.controller.LoginController.findAdminByName(java.lang.String)
2019-01-18 17:25:35 下午 [Thread: localhost-startStop-1][ Class:org.springframework.web.servlet.DispatcherServlet >> Method: org.springframework.web.servlet.FrameworkServlet.initServletBean(FrameworkServlet.java:498) ]
INFO:FrameworkServlet 'springDispatcherServlet': initialization completed in 1567 ms
2019-01-18 17:25:51 下午 [Thread: http-bio-8080-exec-6][ Class:com.alibaba.druid.pool.DruidDataSource >> Method: com.alibaba.druid.pool.DruidDataSource.init(DruidDataSource.java:715) ]
INFO:{dataSource-1} inited
