2019-01-08 09:00:47 上午 [Thread: http-bio-8080-exec-1][ Class:org.springframework.web.servlet.PageNotFound >> Method: org.springframework.web.servlet.DispatcherServlet.noHandlerFound(DispatcherServlet.java:1118) ]
WARN:No mapping found for HTTP request with URI [/] in DispatcherServlet with name 'springDispatcherServlet'
2019-01-08 09:00:48 上午 [Thread: http-bio-8080-exec-3][ Class:org.springframework.web.servlet.PageNotFound >> Method: org.springframework.web.servlet.DispatcherServlet.noHandlerFound(DispatcherServlet.java:1118) ]
WARN:No mapping found for HTTP request with URI [/favicon.ico] in DispatcherServlet with name 'springDispatcherServlet'
2019-01-08 09:01:18 上午 [Thread: http-bio-8080-exec-4][ Class:org.springframework.web.servlet.PageNotFound >> Method: org.springframework.web.servlet.DispatcherServlet.noHandlerFound(DispatcherServlet.java:1118) ]
WARN:No mapping found for HTTP request with URI [/index.html] in DispatcherServlet with name 'springDispatcherServlet'
2019-01-08 09:01:55 上午 [Thread: http-bio-8080-exec-6][ Class:org.springframework.web.servlet.PageNotFound >> Method: org.springframework.web.servlet.DispatcherServlet.noHandlerFound(DispatcherServlet.java:1118) ]
WARN:No mapping found for HTTP request with URI [/webapp/index.html] in DispatcherServlet with name 'springDispatcherServlet'
2019-01-08 09:05:13 上午 [Thread: http-bio-8080-exec-9][ Class:org.springframework.web.servlet.PageNotFound >> Method: org.springframework.web.servlet.DispatcherServlet.noHandlerFound(DispatcherServlet.java:1118) ]
WARN:No mapping found for HTTP request with URI [/index.html] in DispatcherServlet with name 'springDispatcherServlet'
2019-01-08 09:05:47 上午 [Thread: http-bio-8080-exec-1][ Class:org.springframework.web.servlet.PageNotFound >> Method: org.springframework.web.servlet.DispatcherServlet.noHandlerFound(DispatcherServlet.java:1118) ]
WARN:No mapping found for HTTP request with URI [/index.html] in DispatcherServlet with name 'springDispatcherServlet'
2019-01-08 09:05:48 上午 [Thread: http-bio-8080-exec-3][ Class:org.springframework.web.servlet.PageNotFound >> Method: org.springframework.web.servlet.DispatcherServlet.noHandlerFound(DispatcherServlet.java:1118) ]
WARN:No mapping found for HTTP request with URI [/index.html] in DispatcherServlet with name 'springDispatcherServlet'
2019-01-08 09:05:49 上午 [Thread: http-bio-8080-exec-4][ Class:org.springframework.web.servlet.PageNotFound >> Method: org.springframework.web.servlet.DispatcherServlet.noHandlerFound(DispatcherServlet.java:1118) ]
WARN:No mapping found for HTTP request with URI [/index.html] in DispatcherServlet with name 'springDispatcherServlet'
2019-01-08 09:05:49 上午 [Thread: http-bio-8080-exec-5][ Class:org.springframework.web.servlet.PageNotFound >> Method: org.springframework.web.servlet.DispatcherServlet.noHandlerFound(DispatcherServlet.java:1118) ]
WARN:No mapping found for HTTP request with URI [/index.html] in DispatcherServlet with name 'springDispatcherServlet'
2019-01-08 09:05:49 上午 [Thread: http-bio-8080-exec-6][ Class:org.springframework.web.servlet.PageNotFound >> Method: org.springframework.web.servlet.DispatcherServlet.noHandlerFound(DispatcherServlet.java:1118) ]
WARN:No mapping found for HTTP request with URI [/index.html] in DispatcherServlet with name 'springDispatcherServlet'
2019-01-08 09:05:49 上午 [Thread: http-bio-8080-exec-7][ Class:org.springframework.web.servlet.PageNotFound >> Method: org.springframework.web.servlet.DispatcherServlet.noHandlerFound(DispatcherServlet.java:1118) ]
WARN:No mapping found for HTTP request with URI [/index.html] in DispatcherServlet with name 'springDispatcherServlet'
2019-01-08 09:05:50 上午 [Thread: http-bio-8080-exec-8][ Class:org.springframework.web.servlet.PageNotFound >> Method: org.springframework.web.servlet.DispatcherServlet.noHandlerFound(DispatcherServlet.java:1118) ]
WARN:No mapping found for HTTP request with URI [/] in DispatcherServlet with name 'springDispatcherServlet'
2019-01-08 09:05:55 上午 [Thread: http-bio-8080-exec-9][ Class:org.springframework.web.servlet.PageNotFound >> Method: org.springframework.web.servlet.DispatcherServlet.noHandlerFound(DispatcherServlet.java:1118) ]
WARN:No mapping found for HTTP request with URI [/index.html] in DispatcherServlet with name 'springDispatcherServlet'
2019-01-08 09:10:42 上午 [Thread: http-bio-8080-exec-1][ Class:org.springframework.web.servlet.PageNotFound >> Method: org.springframework.web.servlet.DispatcherServlet.noHandlerFound(DispatcherServlet.java:1118) ]
WARN:No mapping found for HTTP request with URI [/] in DispatcherServlet with name 'springDispatcherServlet'
2019-01-08 09:21:01 上午 [Thread: http-bio-8080-exec-1][ Class:org.springframework.web.servlet.PageNotFound >> Method: org.springframework.web.servlet.DispatcherServlet.noHandlerFound(DispatcherServlet.java:1118) ]
WARN:No mapping found for HTTP request with URI [/] in DispatcherServlet with name 'springDispatcherServlet'
2019-01-08 09:21:06 上午 [Thread: http-bio-8080-exec-3][ Class:org.springframework.web.servlet.PageNotFound >> Method: org.springframework.web.servlet.DispatcherServlet.noHandlerFound(DispatcherServlet.java:1118) ]
WARN:No mapping found for HTTP request with URI [/] in DispatcherServlet with name 'springDispatcherServlet'
2019-01-08 09:29:11 上午 [Thread: http-bio-8080-exec-6][ Class:org.springframework.web.servlet.PageNotFound >> Method: org.springframework.web.servlet.DispatcherServlet.noHandlerFound(DispatcherServlet.java:1118) ]
WARN:No mapping found for HTTP request with URI [/fonts/iconfont.woff] in DispatcherServlet with name 'springDispatcherServlet'
2019-01-08 09:29:11 上午 [Thread: http-bio-8080-exec-6][ Class:org.springframework.web.servlet.PageNotFound >> Method: org.springframework.web.servlet.DispatcherServlet.noHandlerFound(DispatcherServlet.java:1118) ]
WARN:No mapping found for HTTP request with URI [/fonts/iconfont.ttf] in DispatcherServlet with name 'springDispatcherServlet'
